Checking whether the ASM compiler is GNU using "--version" did not match "(GNU assembler)|(GCC)|(Free Software Foundation)":
Microsoft (R) C/C++ Optimizing Compiler Version 19.29.30147 for x64
Copyright (C) Microsoft Corporation.  All rights reserved.

cl : Command line warning D9002 : ignoring unknown option '--version'
cl : Command line error D8003 : missing source filename
Checking whether the ASM compiler is Clang using "--version" did not match "(clang version)":
Microsoft (R) C/C++ Optimizing Compiler Version 19.29.30147 for x64
Copyright (C) Microsoft Corporation.  All rights reserved.

cl : Command line warning D9002 : ignoring unknown option '--version'
cl : Command line error D8003 : missing source filename
Checking whether the ASM compiler is AppleClang using "--version" did not match "(Apple LLVM version)":
Microsoft (R) C/C++ Optimizing Compiler Version 19.29.30147 for x64
Copyright (C) Microsoft Corporation.  All rights reserved.

cl : Command line warning D9002 : ignoring unknown option '--version'
cl : Command line error D8003 : missing source filename
Checking whether the ASM compiler is ARMClang using "--version" did not match "armclang":
Microsoft (R) C/C++ Optimizing Compiler Version 19.29.30147 for x64
Copyright (C) Microsoft Corporation.  All rights reserved.

cl : Command line warning D9002 : ignoring unknown option '--version'
cl : Command line error D8003 : missing source filename
Checking whether the ASM compiler is HP using "-V" did not match "HP C":
Microsoft (R) C/C++ Optimizing Compiler Version 19.29.30147 for x64
Copyright (C) Microsoft Corporation.  All rights reserved.

cl : Command line error D8004 : '/V' requires an argument
Checking whether the ASM compiler is Intel using "--version" did not match "(ICC)":
Microsoft (R) C/C++ Optimizing Compiler Version 19.29.30147 for x64
Copyright (C) Microsoft Corporation.  All rights reserved.

cl : Command line warning D9002 : ignoring unknown option '--version'
cl : Command line error D8003 : missing source filename
Checking whether the ASM compiler is IntelLLVM using "--version" did not match "(Intel[^
]+oneAPI)":
Microsoft (R) C/C++ Optimizing Compiler Version 19.29.30147 for x64
Copyright (C) Microsoft Corporation.  All rights reserved.

cl : Command line warning D9002 : ignoring unknown option '--version'
cl : Command line error D8003 : missing source filename
Checking whether the ASM compiler is SunPro using "-V" did not match "Sun C":
Microsoft (R) C/C++ Optimizing Compiler Version 19.29.30147 for x64
Copyright (C) Microsoft Corporation.  All rights reserved.

cl : Command line error D8004 : '/V' requires an argument
Checking whether the ASM compiler is XL using "-qversion" did not match "XL C":
Microsoft (R) C/C++ Optimizing Compiler Version 19.29.30147 for x64
Copyright (C) Microsoft Corporation.  All rights reserved.

cl : Command line warning D9002 : ignoring unknown option '-qversion'
cl : Command line error D8003 : missing source filename
Determining if the include file dlfcn.h exists failed with the following output:
Change Dir: C:/Users/txmxc/Documents/moms/lc86k-llvm/llvm-project/llvm/out/build/x64-Debug/CMakeFiles/CMakeTmp

Run Build Command(s):C:/Program Files (x86)/Microsoft Visual Studio/2019/Community/Common7/IDE/CommonExtensions/Microsoft/CMake/Ninja/ninja.exe cmTC_11b66 && [1/2] Building C object CMakeFiles\cmTC_11b66.dir\CheckIncludeFile.c.obj
FAILED: CMakeFiles/cmTC_11b66.dir/CheckIncludeFile.c.obj 
C:\PROGRA~2\MICROS~4\2019\COMMUN~1\VC\Tools\MSVC\1429~1.301\bin\Hostx64\x64\cl.exe  /nologo   /DWIN32 /D_WINDOWS  /Zi /Ob0 /Od /RTC1 -MDd /showIncludes /FoCMakeFiles\cmTC_11b66.dir\CheckIncludeFile.c.obj /FdCMakeFiles\cmTC_11b66.dir\ /FS -c CheckIncludeFile.c
CheckIncludeFile.c(1): fatal error C1083: Cannot open include file: 'dlfcn.h': No such file or directory
ninja: build stopped: subcommand failed.



Determining if the include file link.h exists failed with the following output:
Change Dir: C:/Users/txmxc/Documents/moms/lc86k-llvm/llvm-project/llvm/out/build/x64-Debug/CMakeFiles/CMakeTmp

Run Build Command(s):C:/Program Files (x86)/Microsoft Visual Studio/2019/Community/Common7/IDE/CommonExtensions/Microsoft/CMake/Ninja/ninja.exe cmTC_9f8cb && [1/2] Building C object CMakeFiles\cmTC_9f8cb.dir\CheckIncludeFile.c.obj
FAILED: CMakeFiles/cmTC_9f8cb.dir/CheckIncludeFile.c.obj 
C:\PROGRA~2\MICROS~4\2019\COMMUN~1\VC\Tools\MSVC\1429~1.301\bin\Hostx64\x64\cl.exe  /nologo   /DWIN32 /D_WINDOWS  /Zi /Ob0 /Od /RTC1 -MDd /showIncludes /FoCMakeFiles\cmTC_9f8cb.dir\CheckIncludeFile.c.obj /FdCMakeFiles\cmTC_9f8cb.dir\ /FS -c CheckIncludeFile.c
CheckIncludeFile.c(1): fatal error C1083: Cannot open include file: 'link.h': No such file or directory
ninja: build stopped: subcommand failed.



Determining if the include file malloc/malloc.h exists failed with the following output:
Change Dir: C:/Users/txmxc/Documents/moms/lc86k-llvm/llvm-project/llvm/out/build/x64-Debug/CMakeFiles/CMakeTmp

Run Build Command(s):C:/Program Files (x86)/Microsoft Visual Studio/2019/Community/Common7/IDE/CommonExtensions/Microsoft/CMake/Ninja/ninja.exe cmTC_29fcf && [1/2] Building C object CMakeFiles\cmTC_29fcf.dir\CheckIncludeFile.c.obj
FAILED: CMakeFiles/cmTC_29fcf.dir/CheckIncludeFile.c.obj 
C:\PROGRA~2\MICROS~4\2019\COMMUN~1\VC\Tools\MSVC\1429~1.301\bin\Hostx64\x64\cl.exe  /nologo   /DWIN32 /D_WINDOWS  /Zi /Ob0 /Od /RTC1 -MDd /showIncludes /FoCMakeFiles\cmTC_29fcf.dir\CheckIncludeFile.c.obj /FdCMakeFiles\cmTC_29fcf.dir\ /FS -c CheckIncludeFile.c
CheckIncludeFile.c(1): fatal error C1083: Cannot open include file: 'malloc/malloc.h': No such file or directory
ninja: build stopped: subcommand failed.



Determining if the include file sys/ioctl.h exists failed with the following output:
Change Dir: C:/Users/txmxc/Documents/moms/lc86k-llvm/llvm-project/llvm/out/build/x64-Debug/CMakeFiles/CMakeTmp

Run Build Command(s):C:/Program Files (x86)/Microsoft Visual Studio/2019/Community/Common7/IDE/CommonExtensions/Microsoft/CMake/Ninja/ninja.exe cmTC_9f002 && [1/2] Building C object CMakeFiles\cmTC_9f002.dir\CheckIncludeFile.c.obj
FAILED: CMakeFiles/cmTC_9f002.dir/CheckIncludeFile.c.obj 
C:\PROGRA~2\MICROS~4\2019\COMMUN~1\VC\Tools\MSVC\1429~1.301\bin\Hostx64\x64\cl.exe  /nologo   /DWIN32 /D_WINDOWS  /Zi /Ob0 /Od /RTC1 -MDd /showIncludes /FoCMakeFiles\cmTC_9f002.dir\CheckIncludeFile.c.obj /FdCMakeFiles\cmTC_9f002.dir\ /FS -c CheckIncludeFile.c
CheckIncludeFile.c(1): fatal error C1083: Cannot open include file: 'sys/ioctl.h': No such file or directory
ninja: build stopped: subcommand failed.



Determining if the include file sys/mman.h exists failed with the following output:
Change Dir: C:/Users/txmxc/Documents/moms/lc86k-llvm/llvm-project/llvm/out/build/x64-Debug/CMakeFiles/CMakeTmp

Run Build Command(s):C:/Program Files (x86)/Microsoft Visual Studio/2019/Community/Common7/IDE/CommonExtensions/Microsoft/CMake/Ninja/ninja.exe cmTC_1b04d && [1/2] Building C object CMakeFiles\cmTC_1b04d.dir\CheckIncludeFile.c.obj
FAILED: CMakeFiles/cmTC_1b04d.dir/CheckIncludeFile.c.obj 
C:\PROGRA~2\MICROS~4\2019\COMMUN~1\VC\Tools\MSVC\1429~1.301\bin\Hostx64\x64\cl.exe  /nologo   /DWIN32 /D_WINDOWS  /Zi /Ob0 /Od /RTC1 -MDd /showIncludes /FoCMakeFiles\cmTC_1b04d.dir\CheckIncludeFile.c.obj /FdCMakeFiles\cmTC_1b04d.dir\ /FS -c CheckIncludeFile.c
CheckIncludeFile.c(1): fatal error C1083: Cannot open include file: 'sys/mman.h': No such file or directory
ninja: build stopped: subcommand failed.



Determining if the include file sys/param.h exists failed with the following output:
Change Dir: C:/Users/txmxc/Documents/moms/lc86k-llvm/llvm-project/llvm/out/build/x64-Debug/CMakeFiles/CMakeTmp

Run Build Command(s):C:/Program Files (x86)/Microsoft Visual Studio/2019/Community/Common7/IDE/CommonExtensions/Microsoft/CMake/Ninja/ninja.exe cmTC_22727 && [1/2] Building C object CMakeFiles\cmTC_22727.dir\CheckIncludeFile.c.obj
FAILED: CMakeFiles/cmTC_22727.dir/CheckIncludeFile.c.obj 
C:\PROGRA~2\MICROS~4\2019\COMMUN~1\VC\Tools\MSVC\1429~1.301\bin\Hostx64\x64\cl.exe  /nologo   /DWIN32 /D_WINDOWS  /Zi /Ob0 /Od /RTC1 -MDd /showIncludes /FoCMakeFiles\cmTC_22727.dir\CheckIncludeFile.c.obj /FdCMakeFiles\cmTC_22727.dir\ /FS -c CheckIncludeFile.c
CheckIncludeFile.c(1): fatal error C1083: Cannot open include file: 'sys/param.h': No such file or directory
ninja: build stopped: subcommand failed.



Determining if the include file sys/resource.h exists failed with the following output:
Change Dir: C:/Users/txmxc/Documents/moms/lc86k-llvm/llvm-project/llvm/out/build/x64-Debug/CMakeFiles/CMakeTmp

Run Build Command(s):C:/Program Files (x86)/Microsoft Visual Studio/2019/Community/Common7/IDE/CommonExtensions/Microsoft/CMake/Ninja/ninja.exe cmTC_c18fb && [1/2] Building C object CMakeFiles\cmTC_c18fb.dir\CheckIncludeFile.c.obj
FAILED: CMakeFiles/cmTC_c18fb.dir/CheckIncludeFile.c.obj 
C:\PROGRA~2\MICROS~4\2019\COMMUN~1\VC\Tools\MSVC\1429~1.301\bin\Hostx64\x64\cl.exe  /nologo   /DWIN32 /D_WINDOWS  /Zi /Ob0 /Od /RTC1 -MDd /showIncludes /FoCMakeFiles\cmTC_c18fb.dir\CheckIncludeFile.c.obj /FdCMakeFiles\cmTC_c18fb.dir\ /FS -c CheckIncludeFile.c
CheckIncludeFile.c(1): fatal error C1083: Cannot open include file: 'sys/resource.h': No such file or directory
ninja: build stopped: subcommand failed.



Determining if the include file sys/time.h exists failed with the following output:
Change Dir: C:/Users/txmxc/Documents/moms/lc86k-llvm/llvm-project/llvm/out/build/x64-Debug/CMakeFiles/CMakeTmp

Run Build Command(s):C:/Program Files (x86)/Microsoft Visual Studio/2019/Community/Common7/IDE/CommonExtensions/Microsoft/CMake/Ninja/ninja.exe cmTC_f8329 && [1/2] Building C object CMakeFiles\cmTC_f8329.dir\CheckIncludeFile.c.obj
FAILED: CMakeFiles/cmTC_f8329.dir/CheckIncludeFile.c.obj 
C:\PROGRA~2\MICROS~4\2019\COMMUN~1\VC\Tools\MSVC\1429~1.301\bin\Hostx64\x64\cl.exe  /nologo   /DWIN32 /D_WINDOWS  /Zi /Ob0 /Od /RTC1 -MDd /showIncludes /FoCMakeFiles\cmTC_f8329.dir\CheckIncludeFile.c.obj /FdCMakeFiles\cmTC_f8329.dir\ /FS -c CheckIncludeFile.c
CheckIncludeFile.c(1): fatal error C1083: Cannot open include file: 'sys/time.h': No such file or directory
ninja: build stopped: subcommand failed.



Determining if the include file sysexits.h exists failed with the following output:
Change Dir: C:/Users/txmxc/Documents/moms/lc86k-llvm/llvm-project/llvm/out/build/x64-Debug/CMakeFiles/CMakeTmp

Run Build Command(s):C:/Program Files (x86)/Microsoft Visual Studio/2019/Community/Common7/IDE/CommonExtensions/Microsoft/CMake/Ninja/ninja.exe cmTC_d45aa && [1/2] Building C object CMakeFiles\cmTC_d45aa.dir\CheckIncludeFile.c.obj
FAILED: CMakeFiles/cmTC_d45aa.dir/CheckIncludeFile.c.obj 
C:\PROGRA~2\MICROS~4\2019\COMMUN~1\VC\Tools\MSVC\1429~1.301\bin\Hostx64\x64\cl.exe  /nologo   /DWIN32 /D_WINDOWS  /Zi /Ob0 /Od /RTC1 -MDd /showIncludes /FoCMakeFiles\cmTC_d45aa.dir\CheckIncludeFile.c.obj /FdCMakeFiles\cmTC_d45aa.dir\ /FS -c CheckIncludeFile.c
CheckIncludeFile.c(1): fatal error C1083: Cannot open include file: 'sysexits.h': No such file or directory
ninja: build stopped: subcommand failed.



Determining if the include file termios.h exists failed with the following output:
Change Dir: C:/Users/txmxc/Documents/moms/lc86k-llvm/llvm-project/llvm/out/build/x64-Debug/CMakeFiles/CMakeTmp

Run Build Command(s):C:/Program Files (x86)/Microsoft Visual Studio/2019/Community/Common7/IDE/CommonExtensions/Microsoft/CMake/Ninja/ninja.exe cmTC_d1274 && [1/2] Building C object CMakeFiles\cmTC_d1274.dir\CheckIncludeFile.c.obj
FAILED: CMakeFiles/cmTC_d1274.dir/CheckIncludeFile.c.obj 
C:\PROGRA~2\MICROS~4\2019\COMMUN~1\VC\Tools\MSVC\1429~1.301\bin\Hostx64\x64\cl.exe  /nologo   /DWIN32 /D_WINDOWS  /Zi /Ob0 /Od /RTC1 -MDd /showIncludes /FoCMakeFiles\cmTC_d1274.dir\CheckIncludeFile.c.obj /FdCMakeFiles\cmTC_d1274.dir\ /FS -c CheckIncludeFile.c
CheckIncludeFile.c(1): fatal error C1083: Cannot open include file: 'termios.h': No such file or directory
ninja: build stopped: subcommand failed.



Determining if the include file unistd.h exists failed with the following output:
Change Dir: C:/Users/txmxc/Documents/moms/lc86k-llvm/llvm-project/llvm/out/build/x64-Debug/CMakeFiles/CMakeTmp

Run Build Command(s):C:/Program Files (x86)/Microsoft Visual Studio/2019/Community/Common7/IDE/CommonExtensions/Microsoft/CMake/Ninja/ninja.exe cmTC_ce70a && [1/2] Building C object CMakeFiles\cmTC_ce70a.dir\CheckIncludeFile.c.obj
FAILED: CMakeFiles/cmTC_ce70a.dir/CheckIncludeFile.c.obj 
C:\PROGRA~2\MICROS~4\2019\COMMUN~1\VC\Tools\MSVC\1429~1.301\bin\Hostx64\x64\cl.exe  /nologo   /DWIN32 /D_WINDOWS  /Zi /Ob0 /Od /RTC1 -MDd /showIncludes /FoCMakeFiles\cmTC_ce70a.dir\CheckIncludeFile.c.obj /FdCMakeFiles\cmTC_ce70a.dir\ /FS -c CheckIncludeFile.c
CheckIncludeFile.c(1): fatal error C1083: Cannot open include file: 'unistd.h': No such file or directory
ninja: build stopped: subcommand failed.



Determining if the include file valgrind/valgrind.h exists failed with the following output:
Change Dir: C:/Users/txmxc/Documents/moms/lc86k-llvm/llvm-project/llvm/out/build/x64-Debug/CMakeFiles/CMakeTmp

Run Build Command(s):C:/Program Files (x86)/Microsoft Visual Studio/2019/Community/Common7/IDE/CommonExtensions/Microsoft/CMake/Ninja/ninja.exe cmTC_5868a && [1/2] Building C object CMakeFiles\cmTC_5868a.dir\CheckIncludeFile.c.obj
FAILED: CMakeFiles/cmTC_5868a.dir/CheckIncludeFile.c.obj 
C:\PROGRA~2\MICROS~4\2019\COMMUN~1\VC\Tools\MSVC\1429~1.301\bin\Hostx64\x64\cl.exe  /nologo   /DWIN32 /D_WINDOWS  /Zi /Ob0 /Od /RTC1 -MDd /showIncludes /FoCMakeFiles\cmTC_5868a.dir\CheckIncludeFile.c.obj /FdCMakeFiles\cmTC_5868a.dir\ /FS -c CheckIncludeFile.c
CheckIncludeFile.c(1): fatal error C1083: Cannot open include file: 'valgrind/valgrind.h': No such file or directory
ninja: build stopped: subcommand failed.



Performing C SOURCE FILE Test HAVE_BUILTIN_THREAD_POINTER failed with the following output:
Change Dir: C:/Users/txmxc/Documents/moms/lc86k-llvm/llvm-project/llvm/out/build/x64-Debug/CMakeFiles/CMakeTmp

Run Build Command(s):C:/Program Files (x86)/Microsoft Visual Studio/2019/Community/Common7/IDE/CommonExtensions/Microsoft/CMake/Ninja/ninja.exe cmTC_620dd && [1/2] Building C object CMakeFiles\cmTC_620dd.dir\src.c.obj
src.c(3): warning C4047: 'return': 'void *' differs in levels of indirection from 'int'
[2/2] Linking C executable cmTC_620dd.exe
FAILED: cmTC_620dd.exe 
cmd.exe /C "cd . && "C:\Program Files (x86)\Microsoft Visual Studio\2019\Community\Common7\IDE\CommonExtensions\Microsoft\CMake\CMake\bin\cmake.exe" -E vs_link_exe --intdir=CMakeFiles\cmTC_620dd.dir --rc=C:\PROGRA~2\WI3CF2~1\10\bin\100190~1.0\x64\rc.exe --mt=C:\PROGRA~2\WI3CF2~1\10\bin\100190~1.0\x64\mt.exe --manifests  -- C:\PROGRA~2\MICROS~4\2019\COMMUN~1\VC\Tools\MSVC\1429~1.301\bin\Hostx64\x64\link.exe /nologo CMakeFiles\cmTC_620dd.dir\src.c.obj  /out:cmTC_620dd.exe /implib:cmTC_620dd.lib /pdb:cmTC_620dd.pdb /version:0.0 /machine:x64  /debug /INCREMENTAL /subsystem:console  kernel32.lib user32.lib gdi32.lib winspool.lib shell32.lib ole32.lib oleaut32.lib uuid.lib comdlg32.lib advapi32.lib && cmd.exe /C "cd /D C:\Users\txmxc\Documents\moms\lc86k-llvm\llvm-project\llvm\out\build\x64-Debug\CMakeFiles\CMakeTmp && C:\Windows\System32\WindowsPowerShell\v1.0\powershell.exe -noprofile -executionpolicy Bypass -file C:/Users/txmxc/vcpkg/scripts/buildsystems/msbuild/applocal.ps1 -targetBinary C:/Users/txmxc/Documents/moms/lc86k-llvm/llvm-project/llvm/out/build/x64-Debug/CMakeFiles/CMakeTmp/cmTC_620dd.exe -installedDir C:/Users/txmxc/vcpkg/installed/x64-windows/debug/bin -OutVariable out""
LINK Pass 1: command "C:\PROGRA~2\MICROS~4\2019\COMMUN~1\VC\Tools\MSVC\1429~1.301\bin\Hostx64\x64\link.exe /nologo CMakeFiles\cmTC_620dd.dir\src.c.obj /out:cmTC_620dd.exe /implib:cmTC_620dd.lib /pdb:cmTC_620dd.pdb /version:0.0 /machine:x64 /debug /INCREMENTAL /subsystem:console kernel32.lib user32.lib gdi32.lib winspool.lib shell32.lib ole32.lib oleaut32.lib uuid.lib comdlg32.lib advapi32.lib /MANIFEST /MANIFESTFILE:CMakeFiles\cmTC_620dd.dir/intermediate.manifest CMakeFiles\cmTC_620dd.dir/manifest.res" failed (exit code 1120) with the following output:
src.c.obj : error LNK2019: unresolved external symbol __builtin_thread_pointer referenced in function foo
cmTC_620dd.exe : fatal error LNK1120: 1 unresolved externals
ninja: build stopped: subcommand failed.


Source file was:

        void *foo() {
          return __builtin_thread_pointer();
        }
        int main(void) { return 0; }
Determining if the include file mach/mach.h exists failed with the following output:
Change Dir: C:/Users/txmxc/Documents/moms/lc86k-llvm/llvm-project/llvm/out/build/x64-Debug/CMakeFiles/CMakeTmp

Run Build Command(s):C:/Program Files (x86)/Microsoft Visual Studio/2019/Community/Common7/IDE/CommonExtensions/Microsoft/CMake/Ninja/ninja.exe cmTC_248ee && [1/2] Building C object CMakeFiles\cmTC_248ee.dir\CheckIncludeFile.c.obj
FAILED: CMakeFiles/cmTC_248ee.dir/CheckIncludeFile.c.obj 
C:\PROGRA~2\MICROS~4\2019\COMMUN~1\VC\Tools\MSVC\1429~1.301\bin\Hostx64\x64\cl.exe  /nologo   /DWIN32 /D_WINDOWS  /Zi /Ob0 /Od /RTC1 -MDd /showIncludes /FoCMakeFiles\cmTC_248ee.dir\CheckIncludeFile.c.obj /FdCMakeFiles\cmTC_248ee.dir\ /FS -c CheckIncludeFile.c
CheckIncludeFile.c(1): fatal error C1083: Cannot open include file: 'mach/mach.h': No such file or directory
ninja: build stopped: subcommand failed.



Determining if the include file CrashReporterClient.h exists failed with the following output:
Change Dir: C:/Users/txmxc/Documents/moms/lc86k-llvm/llvm-project/llvm/out/build/x64-Debug/CMakeFiles/CMakeTmp

Run Build Command(s):C:/Program Files (x86)/Microsoft Visual Studio/2019/Community/Common7/IDE/CommonExtensions/Microsoft/CMake/Ninja/ninja.exe cmTC_b5ce1 && [1/2] Building C object CMakeFiles\cmTC_b5ce1.dir\CheckIncludeFile.c.obj
FAILED: CMakeFiles/cmTC_b5ce1.dir/CheckIncludeFile.c.obj 
C:\PROGRA~2\MICROS~4\2019\COMMUN~1\VC\Tools\MSVC\1429~1.301\bin\Hostx64\x64\cl.exe  /nologo   /DWIN32 /D_WINDOWS  /Zi /Ob0 /Od /RTC1 -MDd /showIncludes /FoCMakeFiles\cmTC_b5ce1.dir\CheckIncludeFile.c.obj /FdCMakeFiles\cmTC_b5ce1.dir\ /FS -c CheckIncludeFile.c
CheckIncludeFile.c(1): fatal error C1083: Cannot open include file: 'CrashReporterClient.h': No such file or directory
ninja: build stopped: subcommand failed.



Determining if the function pfm_initialize exists in the pfm failed with the following output:
Change Dir: C:/Users/txmxc/Documents/moms/lc86k-llvm/llvm-project/llvm/out/build/x64-Debug/CMakeFiles/CMakeTmp

Run Build Command(s):C:/Program Files (x86)/Microsoft Visual Studio/2019/Community/Common7/IDE/CommonExtensions/Microsoft/CMake/Ninja/ninja.exe cmTC_9aedd && [1/2] Building C object CMakeFiles\cmTC_9aedd.dir\CheckFunctionExists.c.obj
[2/2] Linking C executable cmTC_9aedd.exe
FAILED: cmTC_9aedd.exe 
cmd.exe /C "cd . && "C:\Program Files (x86)\Microsoft Visual Studio\2019\Community\Common7\IDE\CommonExtensions\Microsoft\CMake\CMake\bin\cmake.exe" -E vs_link_exe --intdir=CMakeFiles\cmTC_9aedd.dir --rc=C:\PROGRA~2\WI3CF2~1\10\bin\100190~1.0\x64\rc.exe --mt=C:\PROGRA~2\WI3CF2~1\10\bin\100190~1.0\x64\mt.exe --manifests  -- C:\PROGRA~2\MICROS~4\2019\COMMUN~1\VC\Tools\MSVC\1429~1.301\bin\Hostx64\x64\link.exe /nologo CMakeFiles\cmTC_9aedd.dir\CheckFunctionExists.c.obj  /out:cmTC_9aedd.exe /implib:cmTC_9aedd.lib /pdb:cmTC_9aedd.pdb /version:0.0 /machine:x64  /debug /INCREMENTAL /subsystem:console  pfm.lib  kernel32.lib user32.lib gdi32.lib winspool.lib shell32.lib ole32.lib oleaut32.lib uuid.lib comdlg32.lib advapi32.lib && cmd.exe /C "cd /D C:\Users\txmxc\Documents\moms\lc86k-llvm\llvm-project\llvm\out\build\x64-Debug\CMakeFiles\CMakeTmp && C:\Windows\System32\WindowsPowerShell\v1.0\powershell.exe -noprofile -executionpolicy Bypass -file C:/Users/txmxc/vcpkg/scripts/buildsystems/msbuild/applocal.ps1 -targetBinary C:/Users/txmxc/Documents/moms/lc86k-llvm/llvm-project/llvm/out/build/x64-Debug/CMakeFiles/CMakeTmp/cmTC_9aedd.exe -installedDir C:/Users/txmxc/vcpkg/installed/x64-windows/debug/bin -OutVariable out""
LINK Pass 1: command "C:\PROGRA~2\MICROS~4\2019\COMMUN~1\VC\Tools\MSVC\1429~1.301\bin\Hostx64\x64\link.exe /nologo CMakeFiles\cmTC_9aedd.dir\CheckFunctionExists.c.obj /out:cmTC_9aedd.exe /implib:cmTC_9aedd.lib /pdb:cmTC_9aedd.pdb /version:0.0 /machine:x64 /debug /INCREMENTAL /subsystem:console pfm.lib kernel32.lib user32.lib gdi32.lib winspool.lib shell32.lib ole32.lib oleaut32.lib uuid.lib comdlg32.lib advapi32.lib /MANIFEST /MANIFESTFILE:CMakeFiles\cmTC_9aedd.dir/intermediate.manifest CMakeFiles\cmTC_9aedd.dir/manifest.res" failed (exit code 1104) with the following output:
LINK : fatal error LNK1104: cannot open file 'pfm.lib'
ninja: build stopped: subcommand failed.



Determining if the arc4random exist failed with the following output:
Change Dir: C:/Users/txmxc/Documents/moms/lc86k-llvm/llvm-project/llvm/out/build/x64-Debug/CMakeFiles/CMakeTmp

Run Build Command(s):C:/Program Files (x86)/Microsoft Visual Studio/2019/Community/Common7/IDE/CommonExtensions/Microsoft/CMake/Ninja/ninja.exe cmTC_0d676 && [1/2] Building C object CMakeFiles\cmTC_0d676.dir\CheckSymbolExists.c.obj
FAILED: CMakeFiles/cmTC_0d676.dir/CheckSymbolExists.c.obj 
C:\PROGRA~2\MICROS~4\2019\COMMUN~1\VC\Tools\MSVC\1429~1.301\bin\Hostx64\x64\cl.exe  /nologo   /DWIN32 /D_WINDOWS  /Zi /Ob0 /Od /RTC1 -MDd /showIncludes /FoCMakeFiles\cmTC_0d676.dir\CheckSymbolExists.c.obj /FdCMakeFiles\cmTC_0d676.dir\ /FS -c CheckSymbolExists.c
CheckSymbolExists.c(8): error C2065: 'arc4random': undeclared identifier
ninja: build stopped: subcommand failed.


File C:/Users/txmxc/Documents/moms/lc86k-llvm/llvm-project/llvm/out/build/x64-Debug/CMakeFiles/CMakeTmp/CheckSymbolExists.c:
/* */
#include <stdlib.h>

int main(int argc, char** argv)
{
  (void)argv;
#ifndef arc4random
  return ((int*)(&arc4random))[argc];
#else
  (void)argc;
  return 0;
#endif
}
Determining if the backtrace exist failed with the following output:
Change Dir: C:/Users/txmxc/Documents/moms/lc86k-llvm/llvm-project/llvm/out/build/x64-Debug/CMakeFiles/CMakeTmp

Run Build Command(s):C:/Program Files (x86)/Microsoft Visual Studio/2019/Community/Common7/IDE/CommonExtensions/Microsoft/CMake/Ninja/ninja.exe cmTC_65c37 && [1/2] Building C object CMakeFiles\cmTC_65c37.dir\CheckSymbolExists.c.obj
FAILED: CMakeFiles/cmTC_65c37.dir/CheckSymbolExists.c.obj 
C:\PROGRA~2\MICROS~4\2019\COMMUN~1\VC\Tools\MSVC\1429~1.301\bin\Hostx64\x64\cl.exe  /nologo   /DWIN32 /D_WINDOWS  /Zi /Ob0 /Od /RTC1 -MDd /showIncludes /FoCMakeFiles\cmTC_65c37.dir\CheckSymbolExists.c.obj /FdCMakeFiles\cmTC_65c37.dir\ /FS -c CheckSymbolExists.c
CheckSymbolExists.c(2): fatal error C1083: Cannot open include file: 'execinfo.h': No such file or directory
ninja: build stopped: subcommand failed.


File C:/Users/txmxc/Documents/moms/lc86k-llvm/llvm-project/llvm/out/build/x64-Debug/CMakeFiles/CMakeTmp/CheckSymbolExists.c:
/* */
#include <execinfo.h>

int main(int argc, char** argv)
{
  (void)argv;
#ifndef backtrace
  return ((int*)(&backtrace))[argc];
#else
  (void)argc;
  return 0;
#endif
}
Performing C SOURCE FILE Test C_SUPPORTS_WERROR_UNGUARDED_AVAILABILITY_NEW failed with the following output:
Change Dir: C:/Users/txmxc/Documents/moms/lc86k-llvm/llvm-project/llvm/out/build/x64-Debug/CMakeFiles/CMakeTmp

Run Build Command(s):C:/Program Files (x86)/Microsoft Visual Studio/2019/Community/Common7/IDE/CommonExtensions/Microsoft/CMake/Ninja/ninja.exe cmTC_08792 && [1/2] Building C object CMakeFiles\cmTC_08792.dir\src.c.obj
FAILED: CMakeFiles/cmTC_08792.dir/src.c.obj 
C:\PROGRA~2\MICROS~4\2019\COMMUN~1\VC\Tools\MSVC\1429~1.301\bin\Hostx64\x64\cl.exe  /nologo -DC_SUPPORTS_WERROR_UNGUARDED_AVAILABILITY_NEW  /DWIN32 /D_WINDOWS  /Zi /Ob0 /Od /RTC1 -MDd   -Werror=unguarded-availability-new /showIncludes /FoCMakeFiles\cmTC_08792.dir\src.c.obj /FdCMakeFiles\cmTC_08792.dir\ /FS -c src.c
cl : Command line error D8021 : invalid numeric argument '/Werror=unguarded-availability-new'
ninja: build stopped: subcommand failed.


Source file was:
int main(void) { return 0; }
Determining if the __register_frame exist failed with the following output:
Change Dir: C:/Users/txmxc/Documents/moms/lc86k-llvm/llvm-project/llvm/out/build/x64-Debug/CMakeFiles/CMakeTmp

Run Build Command(s):C:/Program Files (x86)/Microsoft Visual Studio/2019/Community/Common7/IDE/CommonExtensions/Microsoft/CMake/Ninja/ninja.exe cmTC_ee2db && [1/2] Building C object CMakeFiles\cmTC_ee2db.dir\CheckSymbolExists.c.obj
[2/2] Linking C executable cmTC_ee2db.exe
FAILED: cmTC_ee2db.exe 
cmd.exe /C "cd . && "C:\Program Files (x86)\Microsoft Visual Studio\2019\Community\Common7\IDE\CommonExtensions\Microsoft\CMake\CMake\bin\cmake.exe" -E vs_link_exe --intdir=CMakeFiles\cmTC_ee2db.dir --rc=C:\PROGRA~2\WI3CF2~1\10\bin\100190~1.0\x64\rc.exe --mt=C:\PROGRA~2\WI3CF2~1\10\bin\100190~1.0\x64\mt.exe --manifests  -- C:\PROGRA~2\MICROS~4\2019\COMMUN~1\VC\Tools\MSVC\1429~1.301\bin\Hostx64\x64\link.exe /nologo CMakeFiles\cmTC_ee2db.dir\CheckSymbolExists.c.obj  /out:cmTC_ee2db.exe /implib:cmTC_ee2db.lib /pdb:cmTC_ee2db.pdb /version:0.0 /machine:x64  /debug /INCREMENTAL /subsystem:console  kernel32.lib user32.lib gdi32.lib winspool.lib shell32.lib ole32.lib oleaut32.lib uuid.lib comdlg32.lib advapi32.lib && cmd.exe /C "cd /D C:\Users\txmxc\Documents\moms\lc86k-llvm\llvm-project\llvm\out\build\x64-Debug\CMakeFiles\CMakeTmp && C:\Windows\System32\WindowsPowerShell\v1.0\powershell.exe -noprofile -executionpolicy Bypass -file C:/Users/txmxc/vcpkg/scripts/buildsystems/msbuild/applocal.ps1 -targetBinary C:/Users/txmxc/Documents/moms/lc86k-llvm/llvm-project/llvm/out/build/x64-Debug/CMakeFiles/CMakeTmp/cmTC_ee2db.exe -installedDir C:/Users/txmxc/vcpkg/installed/x64-windows/debug/bin -OutVariable out""
LINK Pass 1: command "C:\PROGRA~2\MICROS~4\2019\COMMUN~1\VC\Tools\MSVC\1429~1.301\bin\Hostx64\x64\link.exe /nologo CMakeFiles\cmTC_ee2db.dir\CheckSymbolExists.c.obj /out:cmTC_ee2db.exe /implib:cmTC_ee2db.lib /pdb:cmTC_ee2db.pdb /version:0.0 /machine:x64 /debug /INCREMENTAL /subsystem:console kernel32.lib user32.lib gdi32.lib winspool.lib shell32.lib ole32.lib oleaut32.lib uuid.lib comdlg32.lib advapi32.lib /MANIFEST /MANIFESTFILE:CMakeFiles\cmTC_ee2db.dir/intermediate.manifest CMakeFiles\cmTC_ee2db.dir/manifest.res" failed (exit code 1120) with the following output:
CheckSymbolExists.c.obj : error LNK2019: unresolved external symbol __register_frame referenced in function main
cmTC_ee2db.exe : fatal error LNK1120: 1 unresolved externals
ninja: build stopped: subcommand failed.


File C:/Users/txmxc/Documents/moms/lc86k-llvm/llvm-project/llvm/out/build/x64-Debug/CMakeFiles/CMakeTmp/CheckSymbolExists.c:
/* */
#include <C:/Users/txmxc/Documents/moms/lc86k-llvm/llvm-project/llvm/cmake/unwind.h>

int main(int argc, char** argv)
{
  (void)argv;
#ifndef __register_frame
  return ((int*)(&__register_frame))[argc];
#else
  (void)argc;
  return 0;
#endif
}
Determining if the __deregister_frame exist failed with the following output:
Change Dir: C:/Users/txmxc/Documents/moms/lc86k-llvm/llvm-project/llvm/out/build/x64-Debug/CMakeFiles/CMakeTmp

Run Build Command(s):C:/Program Files (x86)/Microsoft Visual Studio/2019/Community/Common7/IDE/CommonExtensions/Microsoft/CMake/Ninja/ninja.exe cmTC_4eec0 && [1/2] Building C object CMakeFiles\cmTC_4eec0.dir\CheckSymbolExists.c.obj
[2/2] Linking C executable cmTC_4eec0.exe
FAILED: cmTC_4eec0.exe 
cmd.exe /C "cd . && "C:\Program Files (x86)\Microsoft Visual Studio\2019\Community\Common7\IDE\CommonExtensions\Microsoft\CMake\CMake\bin\cmake.exe" -E vs_link_exe --intdir=CMakeFiles\cmTC_4eec0.dir --rc=C:\PROGRA~2\WI3CF2~1\10\bin\100190~1.0\x64\rc.exe --mt=C:\PROGRA~2\WI3CF2~1\10\bin\100190~1.0\x64\mt.exe --manifests  -- C:\PROGRA~2\MICROS~4\2019\COMMUN~1\VC\Tools\MSVC\1429~1.301\bin\Hostx64\x64\link.exe /nologo CMakeFiles\cmTC_4eec0.dir\CheckSymbolExists.c.obj  /out:cmTC_4eec0.exe /implib:cmTC_4eec0.lib /pdb:cmTC_4eec0.pdb /version:0.0 /machine:x64  /debug /INCREMENTAL /subsystem:console  kernel32.lib user32.lib gdi32.lib winspool.lib shell32.lib ole32.lib oleaut32.lib uuid.lib comdlg32.lib advapi32.lib && cmd.exe /C "cd /D C:\Users\txmxc\Documents\moms\lc86k-llvm\llvm-project\llvm\out\build\x64-Debug\CMakeFiles\CMakeTmp && C:\Windows\System32\WindowsPowerShell\v1.0\powershell.exe -noprofile -executionpolicy Bypass -file C:/Users/txmxc/vcpkg/scripts/buildsystems/msbuild/applocal.ps1 -targetBinary C:/Users/txmxc/Documents/moms/lc86k-llvm/llvm-project/llvm/out/build/x64-Debug/CMakeFiles/CMakeTmp/cmTC_4eec0.exe -installedDir C:/Users/txmxc/vcpkg/installed/x64-windows/debug/bin -OutVariable out""
LINK Pass 1: command "C:\PROGRA~2\MICROS~4\2019\COMMUN~1\VC\Tools\MSVC\1429~1.301\bin\Hostx64\x64\link.exe /nologo CMakeFiles\cmTC_4eec0.dir\CheckSymbolExists.c.obj /out:cmTC_4eec0.exe /implib:cmTC_4eec0.lib /pdb:cmTC_4eec0.pdb /version:0.0 /machine:x64 /debug /INCREMENTAL /subsystem:console kernel32.lib user32.lib gdi32.lib winspool.lib shell32.lib ole32.lib oleaut32.lib uuid.lib comdlg32.lib advapi32.lib /MANIFEST /MANIFESTFILE:CMakeFiles\cmTC_4eec0.dir/intermediate.manifest CMakeFiles\cmTC_4eec0.dir/manifest.res" failed (exit code 1120) with the following output:
CheckSymbolExists.c.obj : error LNK2019: unresolved external symbol __deregister_frame referenced in function main
cmTC_4eec0.exe : fatal error LNK1120: 1 unresolved externals
ninja: build stopped: subcommand failed.


File C:/Users/txmxc/Documents/moms/lc86k-llvm/llvm-project/llvm/out/build/x64-Debug/CMakeFiles/CMakeTmp/CheckSymbolExists.c:
/* */
#include <C:/Users/txmxc/Documents/moms/lc86k-llvm/llvm-project/llvm/cmake/unwind.h>

int main(int argc, char** argv)
{
  (void)argv;
#ifndef __deregister_frame
  return ((int*)(&__deregister_frame))[argc];
#else
  (void)argc;
  return 0;
#endif
}
Determining if the __unw_add_dynamic_fde exist failed with the following output:
Change Dir: C:/Users/txmxc/Documents/moms/lc86k-llvm/llvm-project/llvm/out/build/x64-Debug/CMakeFiles/CMakeTmp

Run Build Command(s):C:/Program Files (x86)/Microsoft Visual Studio/2019/Community/Common7/IDE/CommonExtensions/Microsoft/CMake/Ninja/ninja.exe cmTC_2e131 && [1/2] Building C object CMakeFiles\cmTC_2e131.dir\CheckSymbolExists.c.obj
[2/2] Linking C executable cmTC_2e131.exe
FAILED: cmTC_2e131.exe 
cmd.exe /C "cd . && "C:\Program Files (x86)\Microsoft Visual Studio\2019\Community\Common7\IDE\CommonExtensions\Microsoft\CMake\CMake\bin\cmake.exe" -E vs_link_exe --intdir=CMakeFiles\cmTC_2e131.dir --rc=C:\PROGRA~2\WI3CF2~1\10\bin\100190~1.0\x64\rc.exe --mt=C:\PROGRA~2\WI3CF2~1\10\bin\100190~1.0\x64\mt.exe --manifests  -- C:\PROGRA~2\MICROS~4\2019\COMMUN~1\VC\Tools\MSVC\1429~1.301\bin\Hostx64\x64\link.exe /nologo CMakeFiles\cmTC_2e131.dir\CheckSymbolExists.c.obj  /out:cmTC_2e131.exe /implib:cmTC_2e131.lib /pdb:cmTC_2e131.pdb /version:0.0 /machine:x64  /debug /INCREMENTAL /subsystem:console  kernel32.lib user32.lib gdi32.lib winspool.lib shell32.lib ole32.lib oleaut32.lib uuid.lib comdlg32.lib advapi32.lib && cmd.exe /C "cd /D C:\Users\txmxc\Documents\moms\lc86k-llvm\llvm-project\llvm\out\build\x64-Debug\CMakeFiles\CMakeTmp && C:\Windows\System32\WindowsPowerShell\v1.0\powershell.exe -noprofile -executionpolicy Bypass -file C:/Users/txmxc/vcpkg/scripts/buildsystems/msbuild/applocal.ps1 -targetBinary C:/Users/txmxc/Documents/moms/lc86k-llvm/llvm-project/llvm/out/build/x64-Debug/CMakeFiles/CMakeTmp/cmTC_2e131.exe -installedDir C:/Users/txmxc/vcpkg/installed/x64-windows/debug/bin -OutVariable out""
LINK Pass 1: command "C:\PROGRA~2\MICROS~4\2019\COMMUN~1\VC\Tools\MSVC\1429~1.301\bin\Hostx64\x64\link.exe /nologo CMakeFiles\cmTC_2e131.dir\CheckSymbolExists.c.obj /out:cmTC_2e131.exe /implib:cmTC_2e131.lib /pdb:cmTC_2e131.pdb /version:0.0 /machine:x64 /debug /INCREMENTAL /subsystem:console kernel32.lib user32.lib gdi32.lib winspool.lib shell32.lib ole32.lib oleaut32.lib uuid.lib comdlg32.lib advapi32.lib /MANIFEST /MANIFESTFILE:CMakeFiles\cmTC_2e131.dir/intermediate.manifest CMakeFiles\cmTC_2e131.dir/manifest.res" failed (exit code 1120) with the following output:
CheckSymbolExists.c.obj : error LNK2019: unresolved external symbol __unw_add_dynamic_fde referenced in function main
cmTC_2e131.exe : fatal error LNK1120: 1 unresolved externals
ninja: build stopped: subcommand failed.


File C:/Users/txmxc/Documents/moms/lc86k-llvm/llvm-project/llvm/out/build/x64-Debug/CMakeFiles/CMakeTmp/CheckSymbolExists.c:
/* */
#include <C:/Users/txmxc/Documents/moms/lc86k-llvm/llvm-project/llvm/cmake/unwind.h>

int main(int argc, char** argv)
{
  (void)argv;
#ifndef __unw_add_dynamic_fde
  return ((int*)(&__unw_add_dynamic_fde))[argc];
#else
  (void)argc;
  return 0;
#endif
}
Determining if the _Unwind_Backtrace exist failed with the following output:
Change Dir: C:/Users/txmxc/Documents/moms/lc86k-llvm/llvm-project/llvm/out/build/x64-Debug/CMakeFiles/CMakeTmp

Run Build Command(s):C:/Program Files (x86)/Microsoft Visual Studio/2019/Community/Common7/IDE/CommonExtensions/Microsoft/CMake/Ninja/ninja.exe cmTC_bdd26 && [1/2] Building C object CMakeFiles\cmTC_bdd26.dir\CheckSymbolExists.c.obj
FAILED: CMakeFiles/cmTC_bdd26.dir/CheckSymbolExists.c.obj 
C:\PROGRA~2\MICROS~4\2019\COMMUN~1\VC\Tools\MSVC\1429~1.301\bin\Hostx64\x64\cl.exe  /nologo   /DWIN32 /D_WINDOWS  /Zi /Ob0 /Od /RTC1 -MDd /showIncludes /FoCMakeFiles\cmTC_bdd26.dir\CheckSymbolExists.c.obj /FdCMakeFiles\cmTC_bdd26.dir\ /FS -c CheckSymbolExists.c
CheckSymbolExists.c(2): fatal error C1083: Cannot open include file: 'unwind.h': No such file or directory
ninja: build stopped: subcommand failed.


File C:/Users/txmxc/Documents/moms/lc86k-llvm/llvm-project/llvm/out/build/x64-Debug/CMakeFiles/CMakeTmp/CheckSymbolExists.c:
/* */
#include <unwind.h>

int main(int argc, char** argv)
{
  (void)argv;
#ifndef _Unwind_Backtrace
  return ((int*)(&_Unwind_Backtrace))[argc];
#else
  (void)argc;
  return 0;
#endif
}
Determining if the getpagesize exist failed with the following output:
Change Dir: C:/Users/txmxc/Documents/moms/lc86k-llvm/llvm-project/llvm/out/build/x64-Debug/CMakeFiles/CMakeTmp

Run Build Command(s):C:/Program Files (x86)/Microsoft Visual Studio/2019/Community/Common7/IDE/CommonExtensions/Microsoft/CMake/Ninja/ninja.exe cmTC_092df && [1/2] Building C object CMakeFiles\cmTC_092df.dir\CheckSymbolExists.c.obj
FAILED: CMakeFiles/cmTC_092df.dir/CheckSymbolExists.c.obj 
C:\PROGRA~2\MICROS~4\2019\COMMUN~1\VC\Tools\MSVC\1429~1.301\bin\Hostx64\x64\cl.exe  /nologo   /DWIN32 /D_WINDOWS  /Zi /Ob0 /Od /RTC1 -MDd /showIncludes /FoCMakeFiles\cmTC_092df.dir\CheckSymbolExists.c.obj /FdCMakeFiles\cmTC_092df.dir\ /FS -c CheckSymbolExists.c
CheckSymbolExists.c(2): fatal error C1083: Cannot open include file: 'unistd.h': No such file or directory
ninja: build stopped: subcommand failed.


File C:/Users/txmxc/Documents/moms/lc86k-llvm/llvm-project/llvm/out/build/x64-Debug/CMakeFiles/CMakeTmp/CheckSymbolExists.c:
/* */
#include <unistd.h>

int main(int argc, char** argv)
{
  (void)argv;
#ifndef getpagesize
  return ((int*)(&getpagesize))[argc];
#else
  (void)argc;
  return 0;
#endif
}
Determining if the sysconf exist failed with the following output:
Change Dir: C:/Users/txmxc/Documents/moms/lc86k-llvm/llvm-project/llvm/out/build/x64-Debug/CMakeFiles/CMakeTmp

Run Build Command(s):C:/Program Files (x86)/Microsoft Visual Studio/2019/Community/Common7/IDE/CommonExtensions/Microsoft/CMake/Ninja/ninja.exe cmTC_1651f && [1/2] Building C object CMakeFiles\cmTC_1651f.dir\CheckSymbolExists.c.obj
FAILED: CMakeFiles/cmTC_1651f.dir/CheckSymbolExists.c.obj 
C:\PROGRA~2\MICROS~4\2019\COMMUN~1\VC\Tools\MSVC\1429~1.301\bin\Hostx64\x64\cl.exe  /nologo   /DWIN32 /D_WINDOWS  /Zi /Ob0 /Od /RTC1 -MDd /showIncludes /FoCMakeFiles\cmTC_1651f.dir\CheckSymbolExists.c.obj /FdCMakeFiles\cmTC_1651f.dir\ /FS -c CheckSymbolExists.c
CheckSymbolExists.c(2): fatal error C1083: Cannot open include file: 'unistd.h': No such file or directory
ninja: build stopped: subcommand failed.


File C:/Users/txmxc/Documents/moms/lc86k-llvm/llvm-project/llvm/out/build/x64-Debug/CMakeFiles/CMakeTmp/CheckSymbolExists.c:
/* */
#include <unistd.h>

int main(int argc, char** argv)
{
  (void)argv;
#ifndef sysconf
  return ((int*)(&sysconf))[argc];
#else
  (void)argc;
  return 0;
#endif
}
Determining if the getrusage exist failed with the following output:
Change Dir: C:/Users/txmxc/Documents/moms/lc86k-llvm/llvm-project/llvm/out/build/x64-Debug/CMakeFiles/CMakeTmp

Run Build Command(s):C:/Program Files (x86)/Microsoft Visual Studio/2019/Community/Common7/IDE/CommonExtensions/Microsoft/CMake/Ninja/ninja.exe cmTC_3ac99 && [1/2] Building C object CMakeFiles\cmTC_3ac99.dir\CheckSymbolExists.c.obj
FAILED: CMakeFiles/cmTC_3ac99.dir/CheckSymbolExists.c.obj 
C:\PROGRA~2\MICROS~4\2019\COMMUN~1\VC\Tools\MSVC\1429~1.301\bin\Hostx64\x64\cl.exe  /nologo   /DWIN32 /D_WINDOWS  /Zi /Ob0 /Od /RTC1 -MDd /showIncludes /FoCMakeFiles\cmTC_3ac99.dir\CheckSymbolExists.c.obj /FdCMakeFiles\cmTC_3ac99.dir\ /FS -c CheckSymbolExists.c
CheckSymbolExists.c(2): fatal error C1083: Cannot open include file: 'sys/resource.h': No such file or directory
ninja: build stopped: subcommand failed.


File C:/Users/txmxc/Documents/moms/lc86k-llvm/llvm-project/llvm/out/build/x64-Debug/CMakeFiles/CMakeTmp/CheckSymbolExists.c:
/* */
#include <sys/resource.h>

int main(int argc, char** argv)
{
  (void)argv;
#ifndef getrusage
  return ((int*)(&getrusage))[argc];
#else
  (void)argc;
  return 0;
#endif
}
Determining if the setrlimit exist failed with the following output:
Change Dir: C:/Users/txmxc/Documents/moms/lc86k-llvm/llvm-project/llvm/out/build/x64-Debug/CMakeFiles/CMakeTmp

Run Build Command(s):C:/Program Files (x86)/Microsoft Visual Studio/2019/Community/Common7/IDE/CommonExtensions/Microsoft/CMake/Ninja/ninja.exe cmTC_cdc9a && [1/2] Building C object CMakeFiles\cmTC_cdc9a.dir\CheckSymbolExists.c.obj
FAILED: CMakeFiles/cmTC_cdc9a.dir/CheckSymbolExists.c.obj 
C:\PROGRA~2\MICROS~4\2019\COMMUN~1\VC\Tools\MSVC\1429~1.301\bin\Hostx64\x64\cl.exe  /nologo   /DWIN32 /D_WINDOWS  /Zi /Ob0 /Od /RTC1 -MDd /showIncludes /FoCMakeFiles\cmTC_cdc9a.dir\CheckSymbolExists.c.obj /FdCMakeFiles\cmTC_cdc9a.dir\ /FS -c CheckSymbolExists.c
CheckSymbolExists.c(2): fatal error C1083: Cannot open include file: 'sys/resource.h': No such file or directory
ninja: build stopped: subcommand failed.


File C:/Users/txmxc/Documents/moms/lc86k-llvm/llvm-project/llvm/out/build/x64-Debug/CMakeFiles/CMakeTmp/CheckSymbolExists.c:
/* */
#include <sys/resource.h>

int main(int argc, char** argv)
{
  (void)argv;
#ifndef setrlimit
  return ((int*)(&setrlimit))[argc];
#else
  (void)argc;
  return 0;
#endif
}
Determining if the isatty exist failed with the following output:
Change Dir: C:/Users/txmxc/Documents/moms/lc86k-llvm/llvm-project/llvm/out/build/x64-Debug/CMakeFiles/CMakeTmp

Run Build Command(s):C:/Program Files (x86)/Microsoft Visual Studio/2019/Community/Common7/IDE/CommonExtensions/Microsoft/CMake/Ninja/ninja.exe cmTC_3e963 && [1/2] Building C object CMakeFiles\cmTC_3e963.dir\CheckSymbolExists.c.obj
FAILED: CMakeFiles/cmTC_3e963.dir/CheckSymbolExists.c.obj 
C:\PROGRA~2\MICROS~4\2019\COMMUN~1\VC\Tools\MSVC\1429~1.301\bin\Hostx64\x64\cl.exe  /nologo   /DWIN32 /D_WINDOWS  /Zi /Ob0 /Od /RTC1 -MDd /showIncludes /FoCMakeFiles\cmTC_3e963.dir\CheckSymbolExists.c.obj /FdCMakeFiles\cmTC_3e963.dir\ /FS -c CheckSymbolExists.c
CheckSymbolExists.c(2): fatal error C1083: Cannot open include file: 'unistd.h': No such file or directory
ninja: build stopped: subcommand failed.


File C:/Users/txmxc/Documents/moms/lc86k-llvm/llvm-project/llvm/out/build/x64-Debug/CMakeFiles/CMakeTmp/CheckSymbolExists.c:
/* */
#include <unistd.h>

int main(int argc, char** argv)
{
  (void)argv;
#ifndef isatty
  return ((int*)(&isatty))[argc];
#else
  (void)argc;
  return 0;
#endif
}
Determining if the futimens exist failed with the following output:
Change Dir: C:/Users/txmxc/Documents/moms/lc86k-llvm/llvm-project/llvm/out/build/x64-Debug/CMakeFiles/CMakeTmp

Run Build Command(s):C:/Program Files (x86)/Microsoft Visual Studio/2019/Community/Common7/IDE/CommonExtensions/Microsoft/CMake/Ninja/ninja.exe cmTC_02d66 && [1/2] Building C object CMakeFiles\cmTC_02d66.dir\CheckSymbolExists.c.obj
FAILED: CMakeFiles/cmTC_02d66.dir/CheckSymbolExists.c.obj 
C:\PROGRA~2\MICROS~4\2019\COMMUN~1\VC\Tools\MSVC\1429~1.301\bin\Hostx64\x64\cl.exe  /nologo   /DWIN32 /D_WINDOWS  /Zi /Ob0 /Od /RTC1 -MDd /showIncludes /FoCMakeFiles\cmTC_02d66.dir\CheckSymbolExists.c.obj /FdCMakeFiles\cmTC_02d66.dir\ /FS -c CheckSymbolExists.c
CheckSymbolExists.c(8): error C2065: 'futimens': undeclared identifier
ninja: build stopped: subcommand failed.


File C:/Users/txmxc/Documents/moms/lc86k-llvm/llvm-project/llvm/out/build/x64-Debug/CMakeFiles/CMakeTmp/CheckSymbolExists.c:
/* */
#include <sys/stat.h>

int main(int argc, char** argv)
{
  (void)argv;
#ifndef futimens
  return ((int*)(&futimens))[argc];
#else
  (void)argc;
  return 0;
#endif
}
Determining if the futimes exist failed with the following output:
Change Dir: C:/Users/txmxc/Documents/moms/lc86k-llvm/llvm-project/llvm/out/build/x64-Debug/CMakeFiles/CMakeTmp

Run Build Command(s):C:/Program Files (x86)/Microsoft Visual Studio/2019/Community/Common7/IDE/CommonExtensions/Microsoft/CMake/Ninja/ninja.exe cmTC_e66da && [1/2] Building C object CMakeFiles\cmTC_e66da.dir\CheckSymbolExists.c.obj
FAILED: CMakeFiles/cmTC_e66da.dir/CheckSymbolExists.c.obj 
C:\PROGRA~2\MICROS~4\2019\COMMUN~1\VC\Tools\MSVC\1429~1.301\bin\Hostx64\x64\cl.exe  /nologo   /DWIN32 /D_WINDOWS  /Zi /Ob0 /Od /RTC1 -MDd /showIncludes /FoCMakeFiles\cmTC_e66da.dir\CheckSymbolExists.c.obj /FdCMakeFiles\cmTC_e66da.dir\ /FS -c CheckSymbolExists.c
CheckSymbolExists.c(2): fatal error C1083: Cannot open include file: 'sys/time.h': No such file or directory
ninja: build stopped: subcommand failed.


File C:/Users/txmxc/Documents/moms/lc86k-llvm/llvm-project/llvm/out/build/x64-Debug/CMakeFiles/CMakeTmp/CheckSymbolExists.c:
/* */
#include <sys/time.h>

int main(int argc, char** argv)
{
  (void)argv;
#ifndef futimes
  return ((int*)(&futimes))[argc];
#else
  (void)argc;
  return 0;
#endif
}
Determining if the sigaltstack exist failed with the following output:
Change Dir: C:/Users/txmxc/Documents/moms/lc86k-llvm/llvm-project/llvm/out/build/x64-Debug/CMakeFiles/CMakeTmp

Run Build Command(s):C:/Program Files (x86)/Microsoft Visual Studio/2019/Community/Common7/IDE/CommonExtensions/Microsoft/CMake/Ninja/ninja.exe cmTC_7ec5e && [1/2] Building C object CMakeFiles\cmTC_7ec5e.dir\CheckSymbolExists.c.obj
FAILED: CMakeFiles/cmTC_7ec5e.dir/CheckSymbolExists.c.obj 
C:\PROGRA~2\MICROS~4\2019\COMMUN~1\VC\Tools\MSVC\1429~1.301\bin\Hostx64\x64\cl.exe  /nologo   /DWIN32 /D_WINDOWS  /Zi /Ob0 /Od /RTC1 -MDd /showIncludes /FoCMakeFiles\cmTC_7ec5e.dir\CheckSymbolExists.c.obj /FdCMakeFiles\cmTC_7ec5e.dir\ /FS -c CheckSymbolExists.c
CheckSymbolExists.c(8): error C2065: 'sigaltstack': undeclared identifier
ninja: build stopped: subcommand failed.


File C:/Users/txmxc/Documents/moms/lc86k-llvm/llvm-project/llvm/out/build/x64-Debug/CMakeFiles/CMakeTmp/CheckSymbolExists.c:
/* */
#include <signal.h>

int main(int argc, char** argv)
{
  (void)argv;
#ifndef sigaltstack
  return ((int*)(&sigaltstack))[argc];
#else
  (void)argc;
  return 0;
#endif
}
Determining if the mallctl exist failed with the following output:
Change Dir: C:/Users/txmxc/Documents/moms/lc86k-llvm/llvm-project/llvm/out/build/x64-Debug/CMakeFiles/CMakeTmp

Run Build Command(s):C:/Program Files (x86)/Microsoft Visual Studio/2019/Community/Common7/IDE/CommonExtensions/Microsoft/CMake/Ninja/ninja.exe cmTC_73070 && [1/2] Building C object CMakeFiles\cmTC_73070.dir\CheckSymbolExists.c.obj
FAILED: CMakeFiles/cmTC_73070.dir/CheckSymbolExists.c.obj 
C:\PROGRA~2\MICROS~4\2019\COMMUN~1\VC\Tools\MSVC\1429~1.301\bin\Hostx64\x64\cl.exe  /nologo   /DWIN32 /D_WINDOWS  /Zi /Ob0 /Od /RTC1 -MDd /showIncludes /FoCMakeFiles\cmTC_73070.dir\CheckSymbolExists.c.obj /FdCMakeFiles\cmTC_73070.dir\ /FS -c CheckSymbolExists.c
CheckSymbolExists.c(2): fatal error C1083: Cannot open include file: 'malloc_np.h': No such file or directory
ninja: build stopped: subcommand failed.


File C:/Users/txmxc/Documents/moms/lc86k-llvm/llvm-project/llvm/out/build/x64-Debug/CMakeFiles/CMakeTmp/CheckSymbolExists.c:
/* */
#include <malloc_np.h>

int main(int argc, char** argv)
{
  (void)argv;
#ifndef mallctl
  return ((int*)(&mallctl))[argc];
#else
  (void)argc;
  return 0;
#endif
}
Determining if the mallinfo exist failed with the following output:
Change Dir: C:/Users/txmxc/Documents/moms/lc86k-llvm/llvm-project/llvm/out/build/x64-Debug/CMakeFiles/CMakeTmp

Run Build Command(s):C:/Program Files (x86)/Microsoft Visual Studio/2019/Community/Common7/IDE/CommonExtensions/Microsoft/CMake/Ninja/ninja.exe cmTC_74caf && [1/2] Building C object CMakeFiles\cmTC_74caf.dir\CheckSymbolExists.c.obj
FAILED: CMakeFiles/cmTC_74caf.dir/CheckSymbolExists.c.obj 
C:\PROGRA~2\MICROS~4\2019\COMMUN~1\VC\Tools\MSVC\1429~1.301\bin\Hostx64\x64\cl.exe  /nologo   /DWIN32 /D_WINDOWS  /Zi /Ob0 /Od /RTC1 -MDd /showIncludes /FoCMakeFiles\cmTC_74caf.dir\CheckSymbolExists.c.obj /FdCMakeFiles\cmTC_74caf.dir\ /FS -c CheckSymbolExists.c
CheckSymbolExists.c(8): error C2065: 'mallinfo': undeclared identifier
ninja: build stopped: subcommand failed.


File C:/Users/txmxc/Documents/moms/lc86k-llvm/llvm-project/llvm/out/build/x64-Debug/CMakeFiles/CMakeTmp/CheckSymbolExists.c:
/* */
#include <malloc.h>

int main(int argc, char** argv)
{
  (void)argv;
#ifndef mallinfo
  return ((int*)(&mallinfo))[argc];
#else
  (void)argc;
  return 0;
#endif
}
Determining if the mallinfo2 exist failed with the following output:
Change Dir: C:/Users/txmxc/Documents/moms/lc86k-llvm/llvm-project/llvm/out/build/x64-Debug/CMakeFiles/CMakeTmp

Run Build Command(s):C:/Program Files (x86)/Microsoft Visual Studio/2019/Community/Common7/IDE/CommonExtensions/Microsoft/CMake/Ninja/ninja.exe cmTC_7364f && [1/2] Building C object CMakeFiles\cmTC_7364f.dir\CheckSymbolExists.c.obj
FAILED: CMakeFiles/cmTC_7364f.dir/CheckSymbolExists.c.obj 
C:\PROGRA~2\MICROS~4\2019\COMMUN~1\VC\Tools\MSVC\1429~1.301\bin\Hostx64\x64\cl.exe  /nologo   /DWIN32 /D_WINDOWS  /Zi /Ob0 /Od /RTC1 -MDd /showIncludes /FoCMakeFiles\cmTC_7364f.dir\CheckSymbolExists.c.obj /FdCMakeFiles\cmTC_7364f.dir\ /FS -c CheckSymbolExists.c
CheckSymbolExists.c(8): error C2065: 'mallinfo2': undeclared identifier
ninja: build stopped: subcommand failed.


File C:/Users/txmxc/Documents/moms/lc86k-llvm/llvm-project/llvm/out/build/x64-Debug/CMakeFiles/CMakeTmp/CheckSymbolExists.c:
/* */
#include <malloc.h>

int main(int argc, char** argv)
{
  (void)argv;
#ifndef mallinfo2
  return ((int*)(&mallinfo2))[argc];
#else
  (void)argc;
  return 0;
#endif
}
Determining if the malloc_zone_statistics exist failed with the following output:
Change Dir: C:/Users/txmxc/Documents/moms/lc86k-llvm/llvm-project/llvm/out/build/x64-Debug/CMakeFiles/CMakeTmp

Run Build Command(s):C:/Program Files (x86)/Microsoft Visual Studio/2019/Community/Common7/IDE/CommonExtensions/Microsoft/CMake/Ninja/ninja.exe cmTC_c8378 && [1/2] Building C object CMakeFiles\cmTC_c8378.dir\CheckSymbolExists.c.obj
FAILED: CMakeFiles/cmTC_c8378.dir/CheckSymbolExists.c.obj 
C:\PROGRA~2\MICROS~4\2019\COMMUN~1\VC\Tools\MSVC\1429~1.301\bin\Hostx64\x64\cl.exe  /nologo   /DWIN32 /D_WINDOWS  /Zi /Ob0 /Od /RTC1 -MDd /showIncludes /FoCMakeFiles\cmTC_c8378.dir\CheckSymbolExists.c.obj /FdCMakeFiles\cmTC_c8378.dir\ /FS -c CheckSymbolExists.c
CheckSymbolExists.c(2): fatal error C1083: Cannot open include file: 'malloc/malloc.h': No such file or directory
ninja: build stopped: subcommand failed.


File C:/Users/txmxc/Documents/moms/lc86k-llvm/llvm-project/llvm/out/build/x64-Debug/CMakeFiles/CMakeTmp/CheckSymbolExists.c:
/* */
#include <malloc/malloc.h>

int main(int argc, char** argv)
{
  (void)argv;
#ifndef malloc_zone_statistics
  return ((int*)(&malloc_zone_statistics))[argc];
#else
  (void)argc;
  return 0;
#endif
}
Determining if the getrlimit exist failed with the following output:
Change Dir: C:/Users/txmxc/Documents/moms/lc86k-llvm/llvm-project/llvm/out/build/x64-Debug/CMakeFiles/CMakeTmp

Run Build Command(s):C:/Program Files (x86)/Microsoft Visual Studio/2019/Community/Common7/IDE/CommonExtensions/Microsoft/CMake/Ninja/ninja.exe cmTC_263b3 && [1/2] Building C object CMakeFiles\cmTC_263b3.dir\CheckSymbolExists.c.obj
FAILED: CMakeFiles/cmTC_263b3.dir/CheckSymbolExists.c.obj 
C:\PROGRA~2\MICROS~4\2019\COMMUN~1\VC\Tools\MSVC\1429~1.301\bin\Hostx64\x64\cl.exe  /nologo   /DWIN32 /D_WINDOWS  /Zi /Ob0 /Od /RTC1 -MDd /showIncludes /FoCMakeFiles\cmTC_263b3.dir\CheckSymbolExists.c.obj /FdCMakeFiles\cmTC_263b3.dir\ /FS -c CheckSymbolExists.c
CheckSymbolExists.c(3): fatal error C1083: Cannot open include file: 'sys/time.h': No such file or directory
ninja: build stopped: subcommand failed.


File C:/Users/txmxc/Documents/moms/lc86k-llvm/llvm-project/llvm/out/build/x64-Debug/CMakeFiles/CMakeTmp/CheckSymbolExists.c:
/* */
#include <sys/types.h>
#include <sys/time.h>
#include <sys/resource.h>

int main(int argc, char** argv)
{
  (void)argv;
#ifndef getrlimit
  return ((int*)(&getrlimit))[argc];
#else
  (void)argc;
  return 0;
#endif
}
Determining if the posix_spawn exist failed with the following output:
Change Dir: C:/Users/txmxc/Documents/moms/lc86k-llvm/llvm-project/llvm/out/build/x64-Debug/CMakeFiles/CMakeTmp

Run Build Command(s):C:/Program Files (x86)/Microsoft Visual Studio/2019/Community/Common7/IDE/CommonExtensions/Microsoft/CMake/Ninja/ninja.exe cmTC_892bd && [1/2] Building C object CMakeFiles\cmTC_892bd.dir\CheckSymbolExists.c.obj
FAILED: CMakeFiles/cmTC_892bd.dir/CheckSymbolExists.c.obj 
C:\PROGRA~2\MICROS~4\2019\COMMUN~1\VC\Tools\MSVC\1429~1.301\bin\Hostx64\x64\cl.exe  /nologo   /DWIN32 /D_WINDOWS  /Zi /Ob0 /Od /RTC1 -MDd /showIncludes /FoCMakeFiles\cmTC_892bd.dir\CheckSymbolExists.c.obj /FdCMakeFiles\cmTC_892bd.dir\ /FS -c CheckSymbolExists.c
CheckSymbolExists.c(2): fatal error C1083: Cannot open include file: 'spawn.h': No such file or directory
ninja: build stopped: subcommand failed.


File C:/Users/txmxc/Documents/moms/lc86k-llvm/llvm-project/llvm/out/build/x64-Debug/CMakeFiles/CMakeTmp/CheckSymbolExists.c:
/* */
#include <spawn.h>

int main(int argc, char** argv)
{
  (void)argv;
#ifndef posix_spawn
  return ((int*)(&posix_spawn))[argc];
#else
  (void)argc;
  return 0;
#endif
}
Determining if the pread exist failed with the following output:
Change Dir: C:/Users/txmxc/Documents/moms/lc86k-llvm/llvm-project/llvm/out/build/x64-Debug/CMakeFiles/CMakeTmp

Run Build Command(s):C:/Program Files (x86)/Microsoft Visual Studio/2019/Community/Common7/IDE/CommonExtensions/Microsoft/CMake/Ninja/ninja.exe cmTC_b652e && [1/2] Building C object CMakeFiles\cmTC_b652e.dir\CheckSymbolExists.c.obj
FAILED: CMakeFiles/cmTC_b652e.dir/CheckSymbolExists.c.obj 
C:\PROGRA~2\MICROS~4\2019\COMMUN~1\VC\Tools\MSVC\1429~1.301\bin\Hostx64\x64\cl.exe  /nologo   /DWIN32 /D_WINDOWS  /Zi /Ob0 /Od /RTC1 -MDd /showIncludes /FoCMakeFiles\cmTC_b652e.dir\CheckSymbolExists.c.obj /FdCMakeFiles\cmTC_b652e.dir\ /FS -c CheckSymbolExists.c
CheckSymbolExists.c(2): fatal error C1083: Cannot open include file: 'unistd.h': No such file or directory
ninja: build stopped: subcommand failed.


File C:/Users/txmxc/Documents/moms/lc86k-llvm/llvm-project/llvm/out/build/x64-Debug/CMakeFiles/CMakeTmp/CheckSymbolExists.c:
/* */
#include <unistd.h>

int main(int argc, char** argv)
{
  (void)argv;
#ifndef pread
  return ((int*)(&pread))[argc];
#else
  (void)argc;
  return 0;
#endif
}
Determining if the sbrk exist failed with the following output:
Change Dir: C:/Users/txmxc/Documents/moms/lc86k-llvm/llvm-project/llvm/out/build/x64-Debug/CMakeFiles/CMakeTmp

Run Build Command(s):C:/Program Files (x86)/Microsoft Visual Studio/2019/Community/Common7/IDE/CommonExtensions/Microsoft/CMake/Ninja/ninja.exe cmTC_f4e71 && [1/2] Building C object CMakeFiles\cmTC_f4e71.dir\CheckSymbolExists.c.obj
FAILED: CMakeFiles/cmTC_f4e71.dir/CheckSymbolExists.c.obj 
C:\PROGRA~2\MICROS~4\2019\COMMUN~1\VC\Tools\MSVC\1429~1.301\bin\Hostx64\x64\cl.exe  /nologo   /DWIN32 /D_WINDOWS  /Zi /Ob0 /Od /RTC1 -MDd /showIncludes /FoCMakeFiles\cmTC_f4e71.dir\CheckSymbolExists.c.obj /FdCMakeFiles\cmTC_f4e71.dir\ /FS -c CheckSymbolExists.c
CheckSymbolExists.c(2): fatal error C1083: Cannot open include file: 'unistd.h': No such file or directory
ninja: build stopped: subcommand failed.


File C:/Users/txmxc/Documents/moms/lc86k-llvm/llvm-project/llvm/out/build/x64-Debug/CMakeFiles/CMakeTmp/CheckSymbolExists.c:
/* */
#include <unistd.h>

int main(int argc, char** argv)
{
  (void)argv;
#ifndef sbrk
  return ((int*)(&sbrk))[argc];
#else
  (void)argc;
  return 0;
#endif
}
Determining if the strerror_r exist failed with the following output:
Change Dir: C:/Users/txmxc/Documents/moms/lc86k-llvm/llvm-project/llvm/out/build/x64-Debug/CMakeFiles/CMakeTmp

Run Build Command(s):C:/Program Files (x86)/Microsoft Visual Studio/2019/Community/Common7/IDE/CommonExtensions/Microsoft/CMake/Ninja/ninja.exe cmTC_e3191 && [1/2] Building C object CMakeFiles\cmTC_e3191.dir\CheckSymbolExists.c.obj
FAILED: CMakeFiles/cmTC_e3191.dir/CheckSymbolExists.c.obj 
C:\PROGRA~2\MICROS~4\2019\COMMUN~1\VC\Tools\MSVC\1429~1.301\bin\Hostx64\x64\cl.exe  /nologo   /DWIN32 /D_WINDOWS  /Zi /Ob0 /Od /RTC1 -MDd /showIncludes /FoCMakeFiles\cmTC_e3191.dir\CheckSymbolExists.c.obj /FdCMakeFiles\cmTC_e3191.dir\ /FS -c CheckSymbolExists.c
CheckSymbolExists.c(8): error C2065: 'strerror_r': undeclared identifier
ninja: build stopped: subcommand failed.


File C:/Users/txmxc/Documents/moms/lc86k-llvm/llvm-project/llvm/out/build/x64-Debug/CMakeFiles/CMakeTmp/CheckSymbolExists.c:
/* */
#include <string.h>

int main(int argc, char** argv)
{
  (void)argv;
#ifndef strerror_r
  return ((int*)(&strerror_r))[argc];
#else
  (void)argc;
  return 0;
#endif
}
Determining if the setenv exist failed with the following output:
Change Dir: C:/Users/txmxc/Documents/moms/lc86k-llvm/llvm-project/llvm/out/build/x64-Debug/CMakeFiles/CMakeTmp

Run Build Command(s):C:/Program Files (x86)/Microsoft Visual Studio/2019/Community/Common7/IDE/CommonExtensions/Microsoft/CMake/Ninja/ninja.exe cmTC_467f3 && [1/2] Building C object CMakeFiles\cmTC_467f3.dir\CheckSymbolExists.c.obj
FAILED: CMakeFiles/cmTC_467f3.dir/CheckSymbolExists.c.obj 
C:\PROGRA~2\MICROS~4\2019\COMMUN~1\VC\Tools\MSVC\1429~1.301\bin\Hostx64\x64\cl.exe  /nologo   /DWIN32 /D_WINDOWS  /Zi /Ob0 /Od /RTC1 -MDd /showIncludes /FoCMakeFiles\cmTC_467f3.dir\CheckSymbolExists.c.obj /FdCMakeFiles\cmTC_467f3.dir\ /FS -c CheckSymbolExists.c
CheckSymbolExists.c(8): error C2065: 'setenv': undeclared identifier
ninja: build stopped: subcommand failed.


File C:/Users/txmxc/Documents/moms/lc86k-llvm/llvm-project/llvm/out/build/x64-Debug/CMakeFiles/CMakeTmp/CheckSymbolExists.c:
/* */
#include <stdlib.h>

int main(int argc, char** argv)
{
  (void)argv;
#ifndef setenv
  return ((int*)(&setenv))[argc];
#else
  (void)argc;
  return 0;
#endif
}
Determining if the function _alloca exists failed with the following output:
Change Dir: C:/Users/txmxc/Documents/moms/lc86k-llvm/llvm-project/llvm/out/build/x64-Debug/CMakeFiles/CMakeTmp

Run Build Command(s):C:/Program Files (x86)/Microsoft Visual Studio/2019/Community/Common7/IDE/CommonExtensions/Microsoft/CMake/Ninja/ninja.exe cmTC_c637c && [1/2] Building C object CMakeFiles\cmTC_c637c.dir\CheckFunctionExists.c.obj
FAILED: CMakeFiles/cmTC_c637c.dir/CheckFunctionExists.c.obj 
C:\PROGRA~2\MICROS~4\2019\COMMUN~1\VC\Tools\MSVC\1429~1.301\bin\Hostx64\x64\cl.exe  /nologo   /DWIN32 /D_WINDOWS -DCHECK_FUNCTION_EXISTS=_alloca /Zi /Ob0 /Od /RTC1 -MDd /showIncludes /FoCMakeFiles\cmTC_c637c.dir\CheckFunctionExists.c.obj /FdCMakeFiles\cmTC_c637c.dir\ /FS -c "C:\Program Files (x86)\Microsoft Visual Studio\2019\Community\Common7\IDE\CommonExtensions\Microsoft\CMake\CMake\share\cmake-3.20\Modules\CheckFunctionExists.c"
C:\Program Files (x86)\Microsoft Visual Studio\2019\Community\Common7\IDE\CommonExtensions\Microsoft\CMake\CMake\share\cmake-3.20\Modules\CheckFunctionExists.c(7): warning C4391: 'char _alloca(void)': incorrect return type for intrinsic function, expected 'void'
C:\Program Files (x86)\Microsoft Visual Studio\2019\Community\Common7\IDE\CommonExtensions\Microsoft\CMake\CMake\share\cmake-3.20\Modules\CheckFunctionExists.c(7): warning C4392: 'char _alloca(void)': incorrect number of arguments for intrinsic function, expected '1' arguments
C:\Program Files (x86)\Microsoft Visual Studio\2019\Community\Common7\IDE\CommonExtensions\Microsoft\CMake\CMake\share\cmake-3.20\Modules\CheckFunctionExists.c(17): error C2168: '_alloca': too few actual parameters for intrinsic function
ninja: build stopped: subcommand failed.



Determining if the function __alloca exists failed with the following output:
Change Dir: C:/Users/txmxc/Documents/moms/lc86k-llvm/llvm-project/llvm/out/build/x64-Debug/CMakeFiles/CMakeTmp

Run Build Command(s):C:/Program Files (x86)/Microsoft Visual Studio/2019/Community/Common7/IDE/CommonExtensions/Microsoft/CMake/Ninja/ninja.exe cmTC_470b8 && [1/2] Building C object CMakeFiles\cmTC_470b8.dir\CheckFunctionExists.c.obj
[2/2] Linking C executable cmTC_470b8.exe
FAILED: cmTC_470b8.exe 
cmd.exe /C "cd . && "C:\Program Files (x86)\Microsoft Visual Studio\2019\Community\Common7\IDE\CommonExtensions\Microsoft\CMake\CMake\bin\cmake.exe" -E vs_link_exe --intdir=CMakeFiles\cmTC_470b8.dir --rc=C:\PROGRA~2\WI3CF2~1\10\bin\100190~1.0\x64\rc.exe --mt=C:\PROGRA~2\WI3CF2~1\10\bin\100190~1.0\x64\mt.exe --manifests  -- C:\PROGRA~2\MICROS~4\2019\COMMUN~1\VC\Tools\MSVC\1429~1.301\bin\Hostx64\x64\link.exe /nologo CMakeFiles\cmTC_470b8.dir\CheckFunctionExists.c.obj  /out:cmTC_470b8.exe /implib:cmTC_470b8.lib /pdb:cmTC_470b8.pdb /version:0.0 /machine:x64  /debug /INCREMENTAL /subsystem:console  kernel32.lib user32.lib gdi32.lib winspool.lib shell32.lib ole32.lib oleaut32.lib uuid.lib comdlg32.lib advapi32.lib && cmd.exe /C "cd /D C:\Users\txmxc\Documents\moms\lc86k-llvm\llvm-project\llvm\out\build\x64-Debug\CMakeFiles\CMakeTmp && C:\Windows\System32\WindowsPowerShell\v1.0\powershell.exe -noprofile -executionpolicy Bypass -file C:/Users/txmxc/vcpkg/scripts/buildsystems/msbuild/applocal.ps1 -targetBinary C:/Users/txmxc/Documents/moms/lc86k-llvm/llvm-project/llvm/out/build/x64-Debug/CMakeFiles/CMakeTmp/cmTC_470b8.exe -installedDir C:/Users/txmxc/vcpkg/installed/x64-windows/debug/bin -OutVariable out""
LINK Pass 1: command "C:\PROGRA~2\MICROS~4\2019\COMMUN~1\VC\Tools\MSVC\1429~1.301\bin\Hostx64\x64\link.exe /nologo CMakeFiles\cmTC_470b8.dir\CheckFunctionExists.c.obj /out:cmTC_470b8.exe /implib:cmTC_470b8.lib /pdb:cmTC_470b8.pdb /version:0.0 /machine:x64 /debug /INCREMENTAL /subsystem:console kernel32.lib user32.lib gdi32.lib winspool.lib shell32.lib ole32.lib oleaut32.lib uuid.lib comdlg32.lib advapi32.lib /MANIFEST /MANIFESTFILE:CMakeFiles\cmTC_470b8.dir/intermediate.manifest CMakeFiles\cmTC_470b8.dir/manifest.res" failed (exit code 1120) with the following output:
CheckFunctionExists.c.obj : error LNK2019: unresolved external symbol __alloca referenced in function main
cmTC_470b8.exe : fatal error LNK1120: 1 unresolved externals
ninja: build stopped: subcommand failed.



Determining if the function __chkstk_ms exists failed with the following output:
Change Dir: C:/Users/txmxc/Documents/moms/lc86k-llvm/llvm-project/llvm/out/build/x64-Debug/CMakeFiles/CMakeTmp

Run Build Command(s):C:/Program Files (x86)/Microsoft Visual Studio/2019/Community/Common7/IDE/CommonExtensions/Microsoft/CMake/Ninja/ninja.exe cmTC_5fc3f && [1/2] Building C object CMakeFiles\cmTC_5fc3f.dir\CheckFunctionExists.c.obj
[2/2] Linking C executable cmTC_5fc3f.exe
FAILED: cmTC_5fc3f.exe 
cmd.exe /C "cd . && "C:\Program Files (x86)\Microsoft Visual Studio\2019\Community\Common7\IDE\CommonExtensions\Microsoft\CMake\CMake\bin\cmake.exe" -E vs_link_exe --intdir=CMakeFiles\cmTC_5fc3f.dir --rc=C:\PROGRA~2\WI3CF2~1\10\bin\100190~1.0\x64\rc.exe --mt=C:\PROGRA~2\WI3CF2~1\10\bin\100190~1.0\x64\mt.exe --manifests  -- C:\PROGRA~2\MICROS~4\2019\COMMUN~1\VC\Tools\MSVC\1429~1.301\bin\Hostx64\x64\link.exe /nologo CMakeFiles\cmTC_5fc3f.dir\CheckFunctionExists.c.obj  /out:cmTC_5fc3f.exe /implib:cmTC_5fc3f.lib /pdb:cmTC_5fc3f.pdb /version:0.0 /machine:x64  /debug /INCREMENTAL /subsystem:console  kernel32.lib user32.lib gdi32.lib winspool.lib shell32.lib ole32.lib oleaut32.lib uuid.lib comdlg32.lib advapi32.lib && cmd.exe /C "cd /D C:\Users\txmxc\Documents\moms\lc86k-llvm\llvm-project\llvm\out\build\x64-Debug\CMakeFiles\CMakeTmp && C:\Windows\System32\WindowsPowerShell\v1.0\powershell.exe -noprofile -executionpolicy Bypass -file C:/Users/txmxc/vcpkg/scripts/buildsystems/msbuild/applocal.ps1 -targetBinary C:/Users/txmxc/Documents/moms/lc86k-llvm/llvm-project/llvm/out/build/x64-Debug/CMakeFiles/CMakeTmp/cmTC_5fc3f.exe -installedDir C:/Users/txmxc/vcpkg/installed/x64-windows/debug/bin -OutVariable out""
LINK Pass 1: command "C:\PROGRA~2\MICROS~4\2019\COMMUN~1\VC\Tools\MSVC\1429~1.301\bin\Hostx64\x64\link.exe /nologo CMakeFiles\cmTC_5fc3f.dir\CheckFunctionExists.c.obj /out:cmTC_5fc3f.exe /implib:cmTC_5fc3f.lib /pdb:cmTC_5fc3f.pdb /version:0.0 /machine:x64 /debug /INCREMENTAL /subsystem:console kernel32.lib user32.lib gdi32.lib winspool.lib shell32.lib ole32.lib oleaut32.lib uuid.lib comdlg32.lib advapi32.lib /MANIFEST /MANIFESTFILE:CMakeFiles\cmTC_5fc3f.dir/intermediate.manifest CMakeFiles\cmTC_5fc3f.dir/manifest.res" failed (exit code 1120) with the following output:
CheckFunctionExists.c.obj : error LNK2019: unresolved external symbol __chkstk_ms referenced in function main
cmTC_5fc3f.exe : fatal error LNK1120: 1 unresolved externals
ninja: build stopped: subcommand failed.



Determining if the function ___chkstk exists failed with the following output:
Change Dir: C:/Users/txmxc/Documents/moms/lc86k-llvm/llvm-project/llvm/out/build/x64-Debug/CMakeFiles/CMakeTmp

Run Build Command(s):C:/Program Files (x86)/Microsoft Visual Studio/2019/Community/Common7/IDE/CommonExtensions/Microsoft/CMake/Ninja/ninja.exe cmTC_c5612 && [1/2] Building C object CMakeFiles\cmTC_c5612.dir\CheckFunctionExists.c.obj
[2/2] Linking C executable cmTC_c5612.exe
FAILED: cmTC_c5612.exe 
cmd.exe /C "cd . && "C:\Program Files (x86)\Microsoft Visual Studio\2019\Community\Common7\IDE\CommonExtensions\Microsoft\CMake\CMake\bin\cmake.exe" -E vs_link_exe --intdir=CMakeFiles\cmTC_c5612.dir --rc=C:\PROGRA~2\WI3CF2~1\10\bin\100190~1.0\x64\rc.exe --mt=C:\PROGRA~2\WI3CF2~1\10\bin\100190~1.0\x64\mt.exe --manifests  -- C:\PROGRA~2\MICROS~4\2019\COMMUN~1\VC\Tools\MSVC\1429~1.301\bin\Hostx64\x64\link.exe /nologo CMakeFiles\cmTC_c5612.dir\CheckFunctionExists.c.obj  /out:cmTC_c5612.exe /implib:cmTC_c5612.lib /pdb:cmTC_c5612.pdb /version:0.0 /machine:x64  /debug /INCREMENTAL /subsystem:console  kernel32.lib user32.lib gdi32.lib winspool.lib shell32.lib ole32.lib oleaut32.lib uuid.lib comdlg32.lib advapi32.lib && cmd.exe /C "cd /D C:\Users\txmxc\Documents\moms\lc86k-llvm\llvm-project\llvm\out\build\x64-Debug\CMakeFiles\CMakeTmp && C:\Windows\System32\WindowsPowerShell\v1.0\powershell.exe -noprofile -executionpolicy Bypass -file C:/Users/txmxc/vcpkg/scripts/buildsystems/msbuild/applocal.ps1 -targetBinary C:/Users/txmxc/Documents/moms/lc86k-llvm/llvm-project/llvm/out/build/x64-Debug/CMakeFiles/CMakeTmp/cmTC_c5612.exe -installedDir C:/Users/txmxc/vcpkg/installed/x64-windows/debug/bin -OutVariable out""
LINK Pass 1: command "C:\PROGRA~2\MICROS~4\2019\COMMUN~1\VC\Tools\MSVC\1429~1.301\bin\Hostx64\x64\link.exe /nologo CMakeFiles\cmTC_c5612.dir\CheckFunctionExists.c.obj /out:cmTC_c5612.exe /implib:cmTC_c5612.lib /pdb:cmTC_c5612.pdb /version:0.0 /machine:x64 /debug /INCREMENTAL /subsystem:console kernel32.lib user32.lib gdi32.lib winspool.lib shell32.lib ole32.lib oleaut32.lib uuid.lib comdlg32.lib advapi32.lib /MANIFEST /MANIFESTFILE:CMakeFiles\cmTC_c5612.dir/intermediate.manifest CMakeFiles\cmTC_c5612.dir/manifest.res" failed (exit code 1120) with the following output:
CheckFunctionExists.c.obj : error LNK2019: unresolved external symbol ___chkstk referenced in function main
cmTC_c5612.exe : fatal error LNK1120: 1 unresolved externals
ninja: build stopped: subcommand failed.



Determining if the function ___chkstk_ms exists failed with the following output:
Change Dir: C:/Users/txmxc/Documents/moms/lc86k-llvm/llvm-project/llvm/out/build/x64-Debug/CMakeFiles/CMakeTmp

Run Build Command(s):C:/Program Files (x86)/Microsoft Visual Studio/2019/Community/Common7/IDE/CommonExtensions/Microsoft/CMake/Ninja/ninja.exe cmTC_5b9f2 && [1/2] Building C object CMakeFiles\cmTC_5b9f2.dir\CheckFunctionExists.c.obj
[2/2] Linking C executable cmTC_5b9f2.exe
FAILED: cmTC_5b9f2.exe 
cmd.exe /C "cd . && "C:\Program Files (x86)\Microsoft Visual Studio\2019\Community\Common7\IDE\CommonExtensions\Microsoft\CMake\CMake\bin\cmake.exe" -E vs_link_exe --intdir=CMakeFiles\cmTC_5b9f2.dir --rc=C:\PROGRA~2\WI3CF2~1\10\bin\100190~1.0\x64\rc.exe --mt=C:\PROGRA~2\WI3CF2~1\10\bin\100190~1.0\x64\mt.exe --manifests  -- C:\PROGRA~2\MICROS~4\2019\COMMUN~1\VC\Tools\MSVC\1429~1.301\bin\Hostx64\x64\link.exe /nologo CMakeFiles\cmTC_5b9f2.dir\CheckFunctionExists.c.obj  /out:cmTC_5b9f2.exe /implib:cmTC_5b9f2.lib /pdb:cmTC_5b9f2.pdb /version:0.0 /machine:x64  /debug /INCREMENTAL /subsystem:console  kernel32.lib user32.lib gdi32.lib winspool.lib shell32.lib ole32.lib oleaut32.lib uuid.lib comdlg32.lib advapi32.lib && cmd.exe /C "cd /D C:\Users\txmxc\Documents\moms\lc86k-llvm\llvm-project\llvm\out\build\x64-Debug\CMakeFiles\CMakeTmp && C:\Windows\System32\WindowsPowerShell\v1.0\powershell.exe -noprofile -executionpolicy Bypass -file C:/Users/txmxc/vcpkg/scripts/buildsystems/msbuild/applocal.ps1 -targetBinary C:/Users/txmxc/Documents/moms/lc86k-llvm/llvm-project/llvm/out/build/x64-Debug/CMakeFiles/CMakeTmp/cmTC_5b9f2.exe -installedDir C:/Users/txmxc/vcpkg/installed/x64-windows/debug/bin -OutVariable out""
LINK Pass 1: command "C:\PROGRA~2\MICROS~4\2019\COMMUN~1\VC\Tools\MSVC\1429~1.301\bin\Hostx64\x64\link.exe /nologo CMakeFiles\cmTC_5b9f2.dir\CheckFunctionExists.c.obj /out:cmTC_5b9f2.exe /implib:cmTC_5b9f2.lib /pdb:cmTC_5b9f2.pdb /version:0.0 /machine:x64 /debug /INCREMENTAL /subsystem:console kernel32.lib user32.lib gdi32.lib winspool.lib shell32.lib ole32.lib oleaut32.lib uuid.lib comdlg32.lib advapi32.lib /MANIFEST /MANIFESTFILE:CMakeFiles\cmTC_5b9f2.dir/intermediate.manifest CMakeFiles\cmTC_5b9f2.dir/manifest.res" failed (exit code 1120) with the following output:
CheckFunctionExists.c.obj : error LNK2019: unresolved external symbol ___chkstk_ms referenced in function main
cmTC_5b9f2.exe : fatal error LNK1120: 1 unresolved externals
ninja: build stopped: subcommand failed.



Determining if the function __ashldi3 exists failed with the following output:
Change Dir: C:/Users/txmxc/Documents/moms/lc86k-llvm/llvm-project/llvm/out/build/x64-Debug/CMakeFiles/CMakeTmp

Run Build Command(s):C:/Program Files (x86)/Microsoft Visual Studio/2019/Community/Common7/IDE/CommonExtensions/Microsoft/CMake/Ninja/ninja.exe cmTC_6fe6e && [1/2] Building C object CMakeFiles\cmTC_6fe6e.dir\CheckFunctionExists.c.obj
[2/2] Linking C executable cmTC_6fe6e.exe
FAILED: cmTC_6fe6e.exe 
cmd.exe /C "cd . && "C:\Program Files (x86)\Microsoft Visual Studio\2019\Community\Common7\IDE\CommonExtensions\Microsoft\CMake\CMake\bin\cmake.exe" -E vs_link_exe --intdir=CMakeFiles\cmTC_6fe6e.dir --rc=C:\PROGRA~2\WI3CF2~1\10\bin\100190~1.0\x64\rc.exe --mt=C:\PROGRA~2\WI3CF2~1\10\bin\100190~1.0\x64\mt.exe --manifests  -- C:\PROGRA~2\MICROS~4\2019\COMMUN~1\VC\Tools\MSVC\1429~1.301\bin\Hostx64\x64\link.exe /nologo CMakeFiles\cmTC_6fe6e.dir\CheckFunctionExists.c.obj  /out:cmTC_6fe6e.exe /implib:cmTC_6fe6e.lib /pdb:cmTC_6fe6e.pdb /version:0.0 /machine:x64  /debug /INCREMENTAL /subsystem:console  kernel32.lib user32.lib gdi32.lib winspool.lib shell32.lib ole32.lib oleaut32.lib uuid.lib comdlg32.lib advapi32.lib && cmd.exe /C "cd /D C:\Users\txmxc\Documents\moms\lc86k-llvm\llvm-project\llvm\out\build\x64-Debug\CMakeFiles\CMakeTmp && C:\Windows\System32\WindowsPowerShell\v1.0\powershell.exe -noprofile -executionpolicy Bypass -file C:/Users/txmxc/vcpkg/scripts/buildsystems/msbuild/applocal.ps1 -targetBinary C:/Users/txmxc/Documents/moms/lc86k-llvm/llvm-project/llvm/out/build/x64-Debug/CMakeFiles/CMakeTmp/cmTC_6fe6e.exe -installedDir C:/Users/txmxc/vcpkg/installed/x64-windows/debug/bin -OutVariable out""
LINK Pass 1: command "C:\PROGRA~2\MICROS~4\2019\COMMUN~1\VC\Tools\MSVC\1429~1.301\bin\Hostx64\x64\link.exe /nologo CMakeFiles\cmTC_6fe6e.dir\CheckFunctionExists.c.obj /out:cmTC_6fe6e.exe /implib:cmTC_6fe6e.lib /pdb:cmTC_6fe6e.pdb /version:0.0 /machine:x64 /debug /INCREMENTAL /subsystem:console kernel32.lib user32.lib gdi32.lib winspool.lib shell32.lib ole32.lib oleaut32.lib uuid.lib comdlg32.lib advapi32.lib /MANIFEST /MANIFESTFILE:CMakeFiles\cmTC_6fe6e.dir/intermediate.manifest CMakeFiles\cmTC_6fe6e.dir/manifest.res" failed (exit code 1120) with the following output:
CheckFunctionExists.c.obj : error LNK2019: unresolved external symbol __ashldi3 referenced in function main
cmTC_6fe6e.exe : fatal error LNK1120: 1 unresolved externals
ninja: build stopped: subcommand failed.



Determining if the function __ashrdi3 exists failed with the following output:
Change Dir: C:/Users/txmxc/Documents/moms/lc86k-llvm/llvm-project/llvm/out/build/x64-Debug/CMakeFiles/CMakeTmp

Run Build Command(s):C:/Program Files (x86)/Microsoft Visual Studio/2019/Community/Common7/IDE/CommonExtensions/Microsoft/CMake/Ninja/ninja.exe cmTC_6ad42 && [1/2] Building C object CMakeFiles\cmTC_6ad42.dir\CheckFunctionExists.c.obj
[2/2] Linking C executable cmTC_6ad42.exe
FAILED: cmTC_6ad42.exe 
cmd.exe /C "cd . && "C:\Program Files (x86)\Microsoft Visual Studio\2019\Community\Common7\IDE\CommonExtensions\Microsoft\CMake\CMake\bin\cmake.exe" -E vs_link_exe --intdir=CMakeFiles\cmTC_6ad42.dir --rc=C:\PROGRA~2\WI3CF2~1\10\bin\100190~1.0\x64\rc.exe --mt=C:\PROGRA~2\WI3CF2~1\10\bin\100190~1.0\x64\mt.exe --manifests  -- C:\PROGRA~2\MICROS~4\2019\COMMUN~1\VC\Tools\MSVC\1429~1.301\bin\Hostx64\x64\link.exe /nologo CMakeFiles\cmTC_6ad42.dir\CheckFunctionExists.c.obj  /out:cmTC_6ad42.exe /implib:cmTC_6ad42.lib /pdb:cmTC_6ad42.pdb /version:0.0 /machine:x64  /debug /INCREMENTAL /subsystem:console  kernel32.lib user32.lib gdi32.lib winspool.lib shell32.lib ole32.lib oleaut32.lib uuid.lib comdlg32.lib advapi32.lib && cmd.exe /C "cd /D C:\Users\txmxc\Documents\moms\lc86k-llvm\llvm-project\llvm\out\build\x64-Debug\CMakeFiles\CMakeTmp && C:\Windows\System32\WindowsPowerShell\v1.0\powershell.exe -noprofile -executionpolicy Bypass -file C:/Users/txmxc/vcpkg/scripts/buildsystems/msbuild/applocal.ps1 -targetBinary C:/Users/txmxc/Documents/moms/lc86k-llvm/llvm-project/llvm/out/build/x64-Debug/CMakeFiles/CMakeTmp/cmTC_6ad42.exe -installedDir C:/Users/txmxc/vcpkg/installed/x64-windows/debug/bin -OutVariable out""
LINK Pass 1: command "C:\PROGRA~2\MICROS~4\2019\COMMUN~1\VC\Tools\MSVC\1429~1.301\bin\Hostx64\x64\link.exe /nologo CMakeFiles\cmTC_6ad42.dir\CheckFunctionExists.c.obj /out:cmTC_6ad42.exe /implib:cmTC_6ad42.lib /pdb:cmTC_6ad42.pdb /version:0.0 /machine:x64 /debug /INCREMENTAL /subsystem:console kernel32.lib user32.lib gdi32.lib winspool.lib shell32.lib ole32.lib oleaut32.lib uuid.lib comdlg32.lib advapi32.lib /MANIFEST /MANIFESTFILE:CMakeFiles\cmTC_6ad42.dir/intermediate.manifest CMakeFiles\cmTC_6ad42.dir/manifest.res" failed (exit code 1120) with the following output:
CheckFunctionExists.c.obj : error LNK2019: unresolved external symbol __ashrdi3 referenced in function main
cmTC_6ad42.exe : fatal error LNK1120: 1 unresolved externals
ninja: build stopped: subcommand failed.



Determining if the function __divdi3 exists failed with the following output:
Change Dir: C:/Users/txmxc/Documents/moms/lc86k-llvm/llvm-project/llvm/out/build/x64-Debug/CMakeFiles/CMakeTmp

Run Build Command(s):C:/Program Files (x86)/Microsoft Visual Studio/2019/Community/Common7/IDE/CommonExtensions/Microsoft/CMake/Ninja/ninja.exe cmTC_03442 && [1/2] Building C object CMakeFiles\cmTC_03442.dir\CheckFunctionExists.c.obj
[2/2] Linking C executable cmTC_03442.exe
FAILED: cmTC_03442.exe 
cmd.exe /C "cd . && "C:\Program Files (x86)\Microsoft Visual Studio\2019\Community\Common7\IDE\CommonExtensions\Microsoft\CMake\CMake\bin\cmake.exe" -E vs_link_exe --intdir=CMakeFiles\cmTC_03442.dir --rc=C:\PROGRA~2\WI3CF2~1\10\bin\100190~1.0\x64\rc.exe --mt=C:\PROGRA~2\WI3CF2~1\10\bin\100190~1.0\x64\mt.exe --manifests  -- C:\PROGRA~2\MICROS~4\2019\COMMUN~1\VC\Tools\MSVC\1429~1.301\bin\Hostx64\x64\link.exe /nologo CMakeFiles\cmTC_03442.dir\CheckFunctionExists.c.obj  /out:cmTC_03442.exe /implib:cmTC_03442.lib /pdb:cmTC_03442.pdb /version:0.0 /machine:x64  /debug /INCREMENTAL /subsystem:console  kernel32.lib user32.lib gdi32.lib winspool.lib shell32.lib ole32.lib oleaut32.lib uuid.lib comdlg32.lib advapi32.lib && cmd.exe /C "cd /D C:\Users\txmxc\Documents\moms\lc86k-llvm\llvm-project\llvm\out\build\x64-Debug\CMakeFiles\CMakeTmp && C:\Windows\System32\WindowsPowerShell\v1.0\powershell.exe -noprofile -executionpolicy Bypass -file C:/Users/txmxc/vcpkg/scripts/buildsystems/msbuild/applocal.ps1 -targetBinary C:/Users/txmxc/Documents/moms/lc86k-llvm/llvm-project/llvm/out/build/x64-Debug/CMakeFiles/CMakeTmp/cmTC_03442.exe -installedDir C:/Users/txmxc/vcpkg/installed/x64-windows/debug/bin -OutVariable out""
LINK Pass 1: command "C:\PROGRA~2\MICROS~4\2019\COMMUN~1\VC\Tools\MSVC\1429~1.301\bin\Hostx64\x64\link.exe /nologo CMakeFiles\cmTC_03442.dir\CheckFunctionExists.c.obj /out:cmTC_03442.exe /implib:cmTC_03442.lib /pdb:cmTC_03442.pdb /version:0.0 /machine:x64 /debug /INCREMENTAL /subsystem:console kernel32.lib user32.lib gdi32.lib winspool.lib shell32.lib ole32.lib oleaut32.lib uuid.lib comdlg32.lib advapi32.lib /MANIFEST /MANIFESTFILE:CMakeFiles\cmTC_03442.dir/intermediate.manifest CMakeFiles\cmTC_03442.dir/manifest.res" failed (exit code 1120) with the following output:
CheckFunctionExists.c.obj : error LNK2019: unresolved external symbol __divdi3 referenced in function main
cmTC_03442.exe : fatal error LNK1120: 1 unresolved externals
ninja: build stopped: subcommand failed.



Determining if the function __fixdfdi exists failed with the following output:
Change Dir: C:/Users/txmxc/Documents/moms/lc86k-llvm/llvm-project/llvm/out/build/x64-Debug/CMakeFiles/CMakeTmp

Run Build Command(s):C:/Program Files (x86)/Microsoft Visual Studio/2019/Community/Common7/IDE/CommonExtensions/Microsoft/CMake/Ninja/ninja.exe cmTC_5a32a && [1/2] Building C object CMakeFiles\cmTC_5a32a.dir\CheckFunctionExists.c.obj
[2/2] Linking C executable cmTC_5a32a.exe
FAILED: cmTC_5a32a.exe 
cmd.exe /C "cd . && "C:\Program Files (x86)\Microsoft Visual Studio\2019\Community\Common7\IDE\CommonExtensions\Microsoft\CMake\CMake\bin\cmake.exe" -E vs_link_exe --intdir=CMakeFiles\cmTC_5a32a.dir --rc=C:\PROGRA~2\WI3CF2~1\10\bin\100190~1.0\x64\rc.exe --mt=C:\PROGRA~2\WI3CF2~1\10\bin\100190~1.0\x64\mt.exe --manifests  -- C:\PROGRA~2\MICROS~4\2019\COMMUN~1\VC\Tools\MSVC\1429~1.301\bin\Hostx64\x64\link.exe /nologo CMakeFiles\cmTC_5a32a.dir\CheckFunctionExists.c.obj  /out:cmTC_5a32a.exe /implib:cmTC_5a32a.lib /pdb:cmTC_5a32a.pdb /version:0.0 /machine:x64  /debug /INCREMENTAL /subsystem:console  kernel32.lib user32.lib gdi32.lib winspool.lib shell32.lib ole32.lib oleaut32.lib uuid.lib comdlg32.lib advapi32.lib && cmd.exe /C "cd /D C:\Users\txmxc\Documents\moms\lc86k-llvm\llvm-project\llvm\out\build\x64-Debug\CMakeFiles\CMakeTmp && C:\Windows\System32\WindowsPowerShell\v1.0\powershell.exe -noprofile -executionpolicy Bypass -file C:/Users/txmxc/vcpkg/scripts/buildsystems/msbuild/applocal.ps1 -targetBinary C:/Users/txmxc/Documents/moms/lc86k-llvm/llvm-project/llvm/out/build/x64-Debug/CMakeFiles/CMakeTmp/cmTC_5a32a.exe -installedDir C:/Users/txmxc/vcpkg/installed/x64-windows/debug/bin -OutVariable out""
LINK Pass 1: command "C:\PROGRA~2\MICROS~4\2019\COMMUN~1\VC\Tools\MSVC\1429~1.301\bin\Hostx64\x64\link.exe /nologo CMakeFiles\cmTC_5a32a.dir\CheckFunctionExists.c.obj /out:cmTC_5a32a.exe /implib:cmTC_5a32a.lib /pdb:cmTC_5a32a.pdb /version:0.0 /machine:x64 /debug /INCREMENTAL /subsystem:console kernel32.lib user32.lib gdi32.lib winspool.lib shell32.lib ole32.lib oleaut32.lib uuid.lib comdlg32.lib advapi32.lib /MANIFEST /MANIFESTFILE:CMakeFiles\cmTC_5a32a.dir/intermediate.manifest CMakeFiles\cmTC_5a32a.dir/manifest.res" failed (exit code 1120) with the following output:
CheckFunctionExists.c.obj : error LNK2019: unresolved external symbol __fixdfdi referenced in function main
cmTC_5a32a.exe : fatal error LNK1120: 1 unresolved externals
ninja: build stopped: subcommand failed.



Determining if the function __fixsfdi exists failed with the following output:
Change Dir: C:/Users/txmxc/Documents/moms/lc86k-llvm/llvm-project/llvm/out/build/x64-Debug/CMakeFiles/CMakeTmp

Run Build Command(s):C:/Program Files (x86)/Microsoft Visual Studio/2019/Community/Common7/IDE/CommonExtensions/Microsoft/CMake/Ninja/ninja.exe cmTC_88ce3 && [1/2] Building C object CMakeFiles\cmTC_88ce3.dir\CheckFunctionExists.c.obj
[2/2] Linking C executable cmTC_88ce3.exe
FAILED: cmTC_88ce3.exe 
cmd.exe /C "cd . && "C:\Program Files (x86)\Microsoft Visual Studio\2019\Community\Common7\IDE\CommonExtensions\Microsoft\CMake\CMake\bin\cmake.exe" -E vs_link_exe --intdir=CMakeFiles\cmTC_88ce3.dir --rc=C:\PROGRA~2\WI3CF2~1\10\bin\100190~1.0\x64\rc.exe --mt=C:\PROGRA~2\WI3CF2~1\10\bin\100190~1.0\x64\mt.exe --manifests  -- C:\PROGRA~2\MICROS~4\2019\COMMUN~1\VC\Tools\MSVC\1429~1.301\bin\Hostx64\x64\link.exe /nologo CMakeFiles\cmTC_88ce3.dir\CheckFunctionExists.c.obj  /out:cmTC_88ce3.exe /implib:cmTC_88ce3.lib /pdb:cmTC_88ce3.pdb /version:0.0 /machine:x64  /debug /INCREMENTAL /subsystem:console  kernel32.lib user32.lib gdi32.lib winspool.lib shell32.lib ole32.lib oleaut32.lib uuid.lib comdlg32.lib advapi32.lib && cmd.exe /C "cd /D C:\Users\txmxc\Documents\moms\lc86k-llvm\llvm-project\llvm\out\build\x64-Debug\CMakeFiles\CMakeTmp && C:\Windows\System32\WindowsPowerShell\v1.0\powershell.exe -noprofile -executionpolicy Bypass -file C:/Users/txmxc/vcpkg/scripts/buildsystems/msbuild/applocal.ps1 -targetBinary C:/Users/txmxc/Documents/moms/lc86k-llvm/llvm-project/llvm/out/build/x64-Debug/CMakeFiles/CMakeTmp/cmTC_88ce3.exe -installedDir C:/Users/txmxc/vcpkg/installed/x64-windows/debug/bin -OutVariable out""
LINK Pass 1: command "C:\PROGRA~2\MICROS~4\2019\COMMUN~1\VC\Tools\MSVC\1429~1.301\bin\Hostx64\x64\link.exe /nologo CMakeFiles\cmTC_88ce3.dir\CheckFunctionExists.c.obj /out:cmTC_88ce3.exe /implib:cmTC_88ce3.lib /pdb:cmTC_88ce3.pdb /version:0.0 /machine:x64 /debug /INCREMENTAL /subsystem:console kernel32.lib user32.lib gdi32.lib winspool.lib shell32.lib ole32.lib oleaut32.lib uuid.lib comdlg32.lib advapi32.lib /MANIFEST /MANIFESTFILE:CMakeFiles\cmTC_88ce3.dir/intermediate.manifest CMakeFiles\cmTC_88ce3.dir/manifest.res" failed (exit code 1120) with the following output:
CheckFunctionExists.c.obj : error LNK2019: unresolved external symbol __fixsfdi referenced in function main
cmTC_88ce3.exe : fatal error LNK1120: 1 unresolved externals
ninja: build stopped: subcommand failed.



Determining if the function __floatdidf exists failed with the following output:
Change Dir: C:/Users/txmxc/Documents/moms/lc86k-llvm/llvm-project/llvm/out/build/x64-Debug/CMakeFiles/CMakeTmp

Run Build Command(s):C:/Program Files (x86)/Microsoft Visual Studio/2019/Community/Common7/IDE/CommonExtensions/Microsoft/CMake/Ninja/ninja.exe cmTC_9dc57 && [1/2] Building C object CMakeFiles\cmTC_9dc57.dir\CheckFunctionExists.c.obj
[2/2] Linking C executable cmTC_9dc57.exe
FAILED: cmTC_9dc57.exe 
cmd.exe /C "cd . && "C:\Program Files (x86)\Microsoft Visual Studio\2019\Community\Common7\IDE\CommonExtensions\Microsoft\CMake\CMake\bin\cmake.exe" -E vs_link_exe --intdir=CMakeFiles\cmTC_9dc57.dir --rc=C:\PROGRA~2\WI3CF2~1\10\bin\100190~1.0\x64\rc.exe --mt=C:\PROGRA~2\WI3CF2~1\10\bin\100190~1.0\x64\mt.exe --manifests  -- C:\PROGRA~2\MICROS~4\2019\COMMUN~1\VC\Tools\MSVC\1429~1.301\bin\Hostx64\x64\link.exe /nologo CMakeFiles\cmTC_9dc57.dir\CheckFunctionExists.c.obj  /out:cmTC_9dc57.exe /implib:cmTC_9dc57.lib /pdb:cmTC_9dc57.pdb /version:0.0 /machine:x64  /debug /INCREMENTAL /subsystem:console  kernel32.lib user32.lib gdi32.lib winspool.lib shell32.lib ole32.lib oleaut32.lib uuid.lib comdlg32.lib advapi32.lib && cmd.exe /C "cd /D C:\Users\txmxc\Documents\moms\lc86k-llvm\llvm-project\llvm\out\build\x64-Debug\CMakeFiles\CMakeTmp && C:\Windows\System32\WindowsPowerShell\v1.0\powershell.exe -noprofile -executionpolicy Bypass -file C:/Users/txmxc/vcpkg/scripts/buildsystems/msbuild/applocal.ps1 -targetBinary C:/Users/txmxc/Documents/moms/lc86k-llvm/llvm-project/llvm/out/build/x64-Debug/CMakeFiles/CMakeTmp/cmTC_9dc57.exe -installedDir C:/Users/txmxc/vcpkg/installed/x64-windows/debug/bin -OutVariable out""
LINK Pass 1: command "C:\PROGRA~2\MICROS~4\2019\COMMUN~1\VC\Tools\MSVC\1429~1.301\bin\Hostx64\x64\link.exe /nologo CMakeFiles\cmTC_9dc57.dir\CheckFunctionExists.c.obj /out:cmTC_9dc57.exe /implib:cmTC_9dc57.lib /pdb:cmTC_9dc57.pdb /version:0.0 /machine:x64 /debug /INCREMENTAL /subsystem:console kernel32.lib user32.lib gdi32.lib winspool.lib shell32.lib ole32.lib oleaut32.lib uuid.lib comdlg32.lib advapi32.lib /MANIFEST /MANIFESTFILE:CMakeFiles\cmTC_9dc57.dir/intermediate.manifest CMakeFiles\cmTC_9dc57.dir/manifest.res" failed (exit code 1120) with the following output:
CheckFunctionExists.c.obj : error LNK2019: unresolved external symbol __floatdidf referenced in function main
cmTC_9dc57.exe : fatal error LNK1120: 1 unresolved externals
ninja: build stopped: subcommand failed.



Determining if the function __lshrdi3 exists failed with the following output:
Change Dir: C:/Users/txmxc/Documents/moms/lc86k-llvm/llvm-project/llvm/out/build/x64-Debug/CMakeFiles/CMakeTmp

Run Build Command(s):C:/Program Files (x86)/Microsoft Visual Studio/2019/Community/Common7/IDE/CommonExtensions/Microsoft/CMake/Ninja/ninja.exe cmTC_cb49e && [1/2] Building C object CMakeFiles\cmTC_cb49e.dir\CheckFunctionExists.c.obj
[2/2] Linking C executable cmTC_cb49e.exe
FAILED: cmTC_cb49e.exe 
cmd.exe /C "cd . && "C:\Program Files (x86)\Microsoft Visual Studio\2019\Community\Common7\IDE\CommonExtensions\Microsoft\CMake\CMake\bin\cmake.exe" -E vs_link_exe --intdir=CMakeFiles\cmTC_cb49e.dir --rc=C:\PROGRA~2\WI3CF2~1\10\bin\100190~1.0\x64\rc.exe --mt=C:\PROGRA~2\WI3CF2~1\10\bin\100190~1.0\x64\mt.exe --manifests  -- C:\PROGRA~2\MICROS~4\2019\COMMUN~1\VC\Tools\MSVC\1429~1.301\bin\Hostx64\x64\link.exe /nologo CMakeFiles\cmTC_cb49e.dir\CheckFunctionExists.c.obj  /out:cmTC_cb49e.exe /implib:cmTC_cb49e.lib /pdb:cmTC_cb49e.pdb /version:0.0 /machine:x64  /debug /INCREMENTAL /subsystem:console  kernel32.lib user32.lib gdi32.lib winspool.lib shell32.lib ole32.lib oleaut32.lib uuid.lib comdlg32.lib advapi32.lib && cmd.exe /C "cd /D C:\Users\txmxc\Documents\moms\lc86k-llvm\llvm-project\llvm\out\build\x64-Debug\CMakeFiles\CMakeTmp && C:\Windows\System32\WindowsPowerShell\v1.0\powershell.exe -noprofile -executionpolicy Bypass -file C:/Users/txmxc/vcpkg/scripts/buildsystems/msbuild/applocal.ps1 -targetBinary C:/Users/txmxc/Documents/moms/lc86k-llvm/llvm-project/llvm/out/build/x64-Debug/CMakeFiles/CMakeTmp/cmTC_cb49e.exe -installedDir C:/Users/txmxc/vcpkg/installed/x64-windows/debug/bin -OutVariable out""
LINK Pass 1: command "C:\PROGRA~2\MICROS~4\2019\COMMUN~1\VC\Tools\MSVC\1429~1.301\bin\Hostx64\x64\link.exe /nologo CMakeFiles\cmTC_cb49e.dir\CheckFunctionExists.c.obj /out:cmTC_cb49e.exe /implib:cmTC_cb49e.lib /pdb:cmTC_cb49e.pdb /version:0.0 /machine:x64 /debug /INCREMENTAL /subsystem:console kernel32.lib user32.lib gdi32.lib winspool.lib shell32.lib ole32.lib oleaut32.lib uuid.lib comdlg32.lib advapi32.lib /MANIFEST /MANIFESTFILE:CMakeFiles\cmTC_cb49e.dir/intermediate.manifest CMakeFiles\cmTC_cb49e.dir/manifest.res" failed (exit code 1120) with the following output:
CheckFunctionExists.c.obj : error LNK2019: unresolved external symbol __lshrdi3 referenced in function main
cmTC_cb49e.exe : fatal error LNK1120: 1 unresolved externals
ninja: build stopped: subcommand failed.



Determining if the function __moddi3 exists failed with the following output:
Change Dir: C:/Users/txmxc/Documents/moms/lc86k-llvm/llvm-project/llvm/out/build/x64-Debug/CMakeFiles/CMakeTmp

Run Build Command(s):C:/Program Files (x86)/Microsoft Visual Studio/2019/Community/Common7/IDE/CommonExtensions/Microsoft/CMake/Ninja/ninja.exe cmTC_08798 && [1/2] Building C object CMakeFiles\cmTC_08798.dir\CheckFunctionExists.c.obj
[2/2] Linking C executable cmTC_08798.exe
FAILED: cmTC_08798.exe 
cmd.exe /C "cd . && "C:\Program Files (x86)\Microsoft Visual Studio\2019\Community\Common7\IDE\CommonExtensions\Microsoft\CMake\CMake\bin\cmake.exe" -E vs_link_exe --intdir=CMakeFiles\cmTC_08798.dir --rc=C:\PROGRA~2\WI3CF2~1\10\bin\100190~1.0\x64\rc.exe --mt=C:\PROGRA~2\WI3CF2~1\10\bin\100190~1.0\x64\mt.exe --manifests  -- C:\PROGRA~2\MICROS~4\2019\COMMUN~1\VC\Tools\MSVC\1429~1.301\bin\Hostx64\x64\link.exe /nologo CMakeFiles\cmTC_08798.dir\CheckFunctionExists.c.obj  /out:cmTC_08798.exe /implib:cmTC_08798.lib /pdb:cmTC_08798.pdb /version:0.0 /machine:x64  /debug /INCREMENTAL /subsystem:console  kernel32.lib user32.lib gdi32.lib winspool.lib shell32.lib ole32.lib oleaut32.lib uuid.lib comdlg32.lib advapi32.lib && cmd.exe /C "cd /D C:\Users\txmxc\Documents\moms\lc86k-llvm\llvm-project\llvm\out\build\x64-Debug\CMakeFiles\CMakeTmp && C:\Windows\System32\WindowsPowerShell\v1.0\powershell.exe -noprofile -executionpolicy Bypass -file C:/Users/txmxc/vcpkg/scripts/buildsystems/msbuild/applocal.ps1 -targetBinary C:/Users/txmxc/Documents/moms/lc86k-llvm/llvm-project/llvm/out/build/x64-Debug/CMakeFiles/CMakeTmp/cmTC_08798.exe -installedDir C:/Users/txmxc/vcpkg/installed/x64-windows/debug/bin -OutVariable out""
LINK Pass 1: command "C:\PROGRA~2\MICROS~4\2019\COMMUN~1\VC\Tools\MSVC\1429~1.301\bin\Hostx64\x64\link.exe /nologo CMakeFiles\cmTC_08798.dir\CheckFunctionExists.c.obj /out:cmTC_08798.exe /implib:cmTC_08798.lib /pdb:cmTC_08798.pdb /version:0.0 /machine:x64 /debug /INCREMENTAL /subsystem:console kernel32.lib user32.lib gdi32.lib winspool.lib shell32.lib ole32.lib oleaut32.lib uuid.lib comdlg32.lib advapi32.lib /MANIFEST /MANIFESTFILE:CMakeFiles\cmTC_08798.dir/intermediate.manifest CMakeFiles\cmTC_08798.dir/manifest.res" failed (exit code 1120) with the following output:
CheckFunctionExists.c.obj : error LNK2019: unresolved external symbol __moddi3 referenced in function main
cmTC_08798.exe : fatal error LNK1120: 1 unresolved externals
ninja: build stopped: subcommand failed.



Determining if the function __udivdi3 exists failed with the following output:
Change Dir: C:/Users/txmxc/Documents/moms/lc86k-llvm/llvm-project/llvm/out/build/x64-Debug/CMakeFiles/CMakeTmp

Run Build Command(s):C:/Program Files (x86)/Microsoft Visual Studio/2019/Community/Common7/IDE/CommonExtensions/Microsoft/CMake/Ninja/ninja.exe cmTC_09e10 && [1/2] Building C object CMakeFiles\cmTC_09e10.dir\CheckFunctionExists.c.obj
[2/2] Linking C executable cmTC_09e10.exe
FAILED: cmTC_09e10.exe 
cmd.exe /C "cd . && "C:\Program Files (x86)\Microsoft Visual Studio\2019\Community\Common7\IDE\CommonExtensions\Microsoft\CMake\CMake\bin\cmake.exe" -E vs_link_exe --intdir=CMakeFiles\cmTC_09e10.dir --rc=C:\PROGRA~2\WI3CF2~1\10\bin\100190~1.0\x64\rc.exe --mt=C:\PROGRA~2\WI3CF2~1\10\bin\100190~1.0\x64\mt.exe --manifests  -- C:\PROGRA~2\MICROS~4\2019\COMMUN~1\VC\Tools\MSVC\1429~1.301\bin\Hostx64\x64\link.exe /nologo CMakeFiles\cmTC_09e10.dir\CheckFunctionExists.c.obj  /out:cmTC_09e10.exe /implib:cmTC_09e10.lib /pdb:cmTC_09e10.pdb /version:0.0 /machine:x64  /debug /INCREMENTAL /subsystem:console  kernel32.lib user32.lib gdi32.lib winspool.lib shell32.lib ole32.lib oleaut32.lib uuid.lib comdlg32.lib advapi32.lib && cmd.exe /C "cd /D C:\Users\txmxc\Documents\moms\lc86k-llvm\llvm-project\llvm\out\build\x64-Debug\CMakeFiles\CMakeTmp && C:\Windows\System32\WindowsPowerShell\v1.0\powershell.exe -noprofile -executionpolicy Bypass -file C:/Users/txmxc/vcpkg/scripts/buildsystems/msbuild/applocal.ps1 -targetBinary C:/Users/txmxc/Documents/moms/lc86k-llvm/llvm-project/llvm/out/build/x64-Debug/CMakeFiles/CMakeTmp/cmTC_09e10.exe -installedDir C:/Users/txmxc/vcpkg/installed/x64-windows/debug/bin -OutVariable out""
LINK Pass 1: command "C:\PROGRA~2\MICROS~4\2019\COMMUN~1\VC\Tools\MSVC\1429~1.301\bin\Hostx64\x64\link.exe /nologo CMakeFiles\cmTC_09e10.dir\CheckFunctionExists.c.obj /out:cmTC_09e10.exe /implib:cmTC_09e10.lib /pdb:cmTC_09e10.pdb /version:0.0 /machine:x64 /debug /INCREMENTAL /subsystem:console kernel32.lib user32.lib gdi32.lib winspool.lib shell32.lib ole32.lib oleaut32.lib uuid.lib comdlg32.lib advapi32.lib /MANIFEST /MANIFESTFILE:CMakeFiles\cmTC_09e10.dir/intermediate.manifest CMakeFiles\cmTC_09e10.dir/manifest.res" failed (exit code 1120) with the following output:
CheckFunctionExists.c.obj : error LNK2019: unresolved external symbol __udivdi3 referenced in function main
cmTC_09e10.exe : fatal error LNK1120: 1 unresolved externals
ninja: build stopped: subcommand failed.



Determining if the function __umoddi3 exists failed with the following output:
Change Dir: C:/Users/txmxc/Documents/moms/lc86k-llvm/llvm-project/llvm/out/build/x64-Debug/CMakeFiles/CMakeTmp

Run Build Command(s):C:/Program Files (x86)/Microsoft Visual Studio/2019/Community/Common7/IDE/CommonExtensions/Microsoft/CMake/Ninja/ninja.exe cmTC_2c06b && [1/2] Building C object CMakeFiles\cmTC_2c06b.dir\CheckFunctionExists.c.obj
[2/2] Linking C executable cmTC_2c06b.exe
FAILED: cmTC_2c06b.exe 
cmd.exe /C "cd . && "C:\Program Files (x86)\Microsoft Visual Studio\2019\Community\Common7\IDE\CommonExtensions\Microsoft\CMake\CMake\bin\cmake.exe" -E vs_link_exe --intdir=CMakeFiles\cmTC_2c06b.dir --rc=C:\PROGRA~2\WI3CF2~1\10\bin\100190~1.0\x64\rc.exe --mt=C:\PROGRA~2\WI3CF2~1\10\bin\100190~1.0\x64\mt.exe --manifests  -- C:\PROGRA~2\MICROS~4\2019\COMMUN~1\VC\Tools\MSVC\1429~1.301\bin\Hostx64\x64\link.exe /nologo CMakeFiles\cmTC_2c06b.dir\CheckFunctionExists.c.obj  /out:cmTC_2c06b.exe /implib:cmTC_2c06b.lib /pdb:cmTC_2c06b.pdb /version:0.0 /machine:x64  /debug /INCREMENTAL /subsystem:console  kernel32.lib user32.lib gdi32.lib winspool.lib shell32.lib ole32.lib oleaut32.lib uuid.lib comdlg32.lib advapi32.lib && cmd.exe /C "cd /D C:\Users\txmxc\Documents\moms\lc86k-llvm\llvm-project\llvm\out\build\x64-Debug\CMakeFiles\CMakeTmp && C:\Windows\System32\WindowsPowerShell\v1.0\powershell.exe -noprofile -executionpolicy Bypass -file C:/Users/txmxc/vcpkg/scripts/buildsystems/msbuild/applocal.ps1 -targetBinary C:/Users/txmxc/Documents/moms/lc86k-llvm/llvm-project/llvm/out/build/x64-Debug/CMakeFiles/CMakeTmp/cmTC_2c06b.exe -installedDir C:/Users/txmxc/vcpkg/installed/x64-windows/debug/bin -OutVariable out""
LINK Pass 1: command "C:\PROGRA~2\MICROS~4\2019\COMMUN~1\VC\Tools\MSVC\1429~1.301\bin\Hostx64\x64\link.exe /nologo CMakeFiles\cmTC_2c06b.dir\CheckFunctionExists.c.obj /out:cmTC_2c06b.exe /implib:cmTC_2c06b.lib /pdb:cmTC_2c06b.pdb /version:0.0 /machine:x64 /debug /INCREMENTAL /subsystem:console kernel32.lib user32.lib gdi32.lib winspool.lib shell32.lib ole32.lib oleaut32.lib uuid.lib comdlg32.lib advapi32.lib /MANIFEST /MANIFESTFILE:CMakeFiles\cmTC_2c06b.dir/intermediate.manifest CMakeFiles\cmTC_2c06b.dir/manifest.res" failed (exit code 1120) with the following output:
CheckFunctionExists.c.obj : error LNK2019: unresolved external symbol __umoddi3 referenced in function main
cmTC_2c06b.exe : fatal error LNK1120: 1 unresolved externals
ninja: build stopped: subcommand failed.



Determining if the function __main exists failed with the following output:
Change Dir: C:/Users/txmxc/Documents/moms/lc86k-llvm/llvm-project/llvm/out/build/x64-Debug/CMakeFiles/CMakeTmp

Run Build Command(s):C:/Program Files (x86)/Microsoft Visual Studio/2019/Community/Common7/IDE/CommonExtensions/Microsoft/CMake/Ninja/ninja.exe cmTC_7cb76 && [1/2] Building C object CMakeFiles\cmTC_7cb76.dir\CheckFunctionExists.c.obj
[2/2] Linking C executable cmTC_7cb76.exe
FAILED: cmTC_7cb76.exe 
cmd.exe /C "cd . && "C:\Program Files (x86)\Microsoft Visual Studio\2019\Community\Common7\IDE\CommonExtensions\Microsoft\CMake\CMake\bin\cmake.exe" -E vs_link_exe --intdir=CMakeFiles\cmTC_7cb76.dir --rc=C:\PROGRA~2\WI3CF2~1\10\bin\100190~1.0\x64\rc.exe --mt=C:\PROGRA~2\WI3CF2~1\10\bin\100190~1.0\x64\mt.exe --manifests  -- C:\PROGRA~2\MICROS~4\2019\COMMUN~1\VC\Tools\MSVC\1429~1.301\bin\Hostx64\x64\link.exe /nologo CMakeFiles\cmTC_7cb76.dir\CheckFunctionExists.c.obj  /out:cmTC_7cb76.exe /implib:cmTC_7cb76.lib /pdb:cmTC_7cb76.pdb /version:0.0 /machine:x64  /debug /INCREMENTAL /subsystem:console  kernel32.lib user32.lib gdi32.lib winspool.lib shell32.lib ole32.lib oleaut32.lib uuid.lib comdlg32.lib advapi32.lib && cmd.exe /C "cd /D C:\Users\txmxc\Documents\moms\lc86k-llvm\llvm-project\llvm\out\build\x64-Debug\CMakeFiles\CMakeTmp && C:\Windows\System32\WindowsPowerShell\v1.0\powershell.exe -noprofile -executionpolicy Bypass -file C:/Users/txmxc/vcpkg/scripts/buildsystems/msbuild/applocal.ps1 -targetBinary C:/Users/txmxc/Documents/moms/lc86k-llvm/llvm-project/llvm/out/build/x64-Debug/CMakeFiles/CMakeTmp/cmTC_7cb76.exe -installedDir C:/Users/txmxc/vcpkg/installed/x64-windows/debug/bin -OutVariable out""
LINK Pass 1: command "C:\PROGRA~2\MICROS~4\2019\COMMUN~1\VC\Tools\MSVC\1429~1.301\bin\Hostx64\x64\link.exe /nologo CMakeFiles\cmTC_7cb76.dir\CheckFunctionExists.c.obj /out:cmTC_7cb76.exe /implib:cmTC_7cb76.lib /pdb:cmTC_7cb76.pdb /version:0.0 /machine:x64 /debug /INCREMENTAL /subsystem:console kernel32.lib user32.lib gdi32.lib winspool.lib shell32.lib ole32.lib oleaut32.lib uuid.lib comdlg32.lib advapi32.lib /MANIFEST /MANIFESTFILE:CMakeFiles\cmTC_7cb76.dir/intermediate.manifest CMakeFiles\cmTC_7cb76.dir/manifest.res" failed (exit code 1120) with the following output:
CheckFunctionExists.c.obj : error LNK2019: unresolved external symbol __main referenced in function main
cmTC_7cb76.exe : fatal error LNK1120: 1 unresolved externals
ninja: build stopped: subcommand failed.



Determining if the function __cmpdi2 exists failed with the following output:
Change Dir: C:/Users/txmxc/Documents/moms/lc86k-llvm/llvm-project/llvm/out/build/x64-Debug/CMakeFiles/CMakeTmp

Run Build Command(s):C:/Program Files (x86)/Microsoft Visual Studio/2019/Community/Common7/IDE/CommonExtensions/Microsoft/CMake/Ninja/ninja.exe cmTC_30f07 && [1/2] Building C object CMakeFiles\cmTC_30f07.dir\CheckFunctionExists.c.obj
[2/2] Linking C executable cmTC_30f07.exe
FAILED: cmTC_30f07.exe 
cmd.exe /C "cd . && "C:\Program Files (x86)\Microsoft Visual Studio\2019\Community\Common7\IDE\CommonExtensions\Microsoft\CMake\CMake\bin\cmake.exe" -E vs_link_exe --intdir=CMakeFiles\cmTC_30f07.dir --rc=C:\PROGRA~2\WI3CF2~1\10\bin\100190~1.0\x64\rc.exe --mt=C:\PROGRA~2\WI3CF2~1\10\bin\100190~1.0\x64\mt.exe --manifests  -- C:\PROGRA~2\MICROS~4\2019\COMMUN~1\VC\Tools\MSVC\1429~1.301\bin\Hostx64\x64\link.exe /nologo CMakeFiles\cmTC_30f07.dir\CheckFunctionExists.c.obj  /out:cmTC_30f07.exe /implib:cmTC_30f07.lib /pdb:cmTC_30f07.pdb /version:0.0 /machine:x64  /debug /INCREMENTAL /subsystem:console  kernel32.lib user32.lib gdi32.lib winspool.lib shell32.lib ole32.lib oleaut32.lib uuid.lib comdlg32.lib advapi32.lib && cmd.exe /C "cd /D C:\Users\txmxc\Documents\moms\lc86k-llvm\llvm-project\llvm\out\build\x64-Debug\CMakeFiles\CMakeTmp && C:\Windows\System32\WindowsPowerShell\v1.0\powershell.exe -noprofile -executionpolicy Bypass -file C:/Users/txmxc/vcpkg/scripts/buildsystems/msbuild/applocal.ps1 -targetBinary C:/Users/txmxc/Documents/moms/lc86k-llvm/llvm-project/llvm/out/build/x64-Debug/CMakeFiles/CMakeTmp/cmTC_30f07.exe -installedDir C:/Users/txmxc/vcpkg/installed/x64-windows/debug/bin -OutVariable out""
LINK Pass 1: command "C:\PROGRA~2\MICROS~4\2019\COMMUN~1\VC\Tools\MSVC\1429~1.301\bin\Hostx64\x64\link.exe /nologo CMakeFiles\cmTC_30f07.dir\CheckFunctionExists.c.obj /out:cmTC_30f07.exe /implib:cmTC_30f07.lib /pdb:cmTC_30f07.pdb /version:0.0 /machine:x64 /debug /INCREMENTAL /subsystem:console kernel32.lib user32.lib gdi32.lib winspool.lib shell32.lib ole32.lib oleaut32.lib uuid.lib comdlg32.lib advapi32.lib /MANIFEST /MANIFESTFILE:CMakeFiles\cmTC_30f07.dir/intermediate.manifest CMakeFiles\cmTC_30f07.dir/manifest.res" failed (exit code 1120) with the following output:
CheckFunctionExists.c.obj : error LNK2019: unresolved external symbol __cmpdi2 referenced in function main
cmTC_30f07.exe : fatal error LNK1120: 1 unresolved externals
ninja: build stopped: subcommand failed.



Performing C SOURCE FILE Test HAVE_STRUCT_STAT_ST_MTIMESPEC_TV_NSEC failed with the following output:
Change Dir: C:/Users/txmxc/Documents/moms/lc86k-llvm/llvm-project/llvm/out/build/x64-Debug/CMakeFiles/CMakeTmp

Run Build Command(s):C:/Program Files (x86)/Microsoft Visual Studio/2019/Community/Common7/IDE/CommonExtensions/Microsoft/CMake/Ninja/ninja.exe cmTC_a8056 && [1/2] Building C object CMakeFiles\cmTC_a8056.dir\src.c.obj
FAILED: CMakeFiles/cmTC_a8056.dir/src.c.obj 
C:\PROGRA~2\MICROS~4\2019\COMMUN~1\VC\Tools\MSVC\1429~1.301\bin\Hostx64\x64\cl.exe  /nologo -DHAVE_STRUCT_STAT_ST_MTIMESPEC_TV_NSEC  /DWIN32 /D_WINDOWS  /Zi /Ob0 /Od /RTC1 -MDd /showIncludes /FoCMakeFiles\cmTC_a8056.dir\src.c.obj /FdCMakeFiles\cmTC_a8056.dir\ /FS -c src.c
src.c(7): error C2039: 'st_mtimespec': is not a member of 'stat'
C:\Program Files (x86)\Windows Kits\10\include\10.0.19041.0\ucrt\sys/stat.h(87): note: see declaration of 'stat'
ninja: build stopped: subcommand failed.


Source file was:

#include <sys/types.h>
#include <sys/stat.h>

int main()
{
  (void)sizeof(((struct stat *)0)->st_mtimespec.tv_nsec);
  return 0;
}

Performing C SOURCE FILE Test HAVE_STRUCT_STAT_ST_MTIM_TV_NSEC failed with the following output:
Change Dir: C:/Users/txmxc/Documents/moms/lc86k-llvm/llvm-project/llvm/out/build/x64-Debug/CMakeFiles/CMakeTmp

Run Build Command(s):C:/Program Files (x86)/Microsoft Visual Studio/2019/Community/Common7/IDE/CommonExtensions/Microsoft/CMake/Ninja/ninja.exe cmTC_c9f3d && [1/2] Building C object CMakeFiles\cmTC_c9f3d.dir\src.c.obj
FAILED: CMakeFiles/cmTC_c9f3d.dir/src.c.obj 
C:\PROGRA~2\MICROS~4\2019\COMMUN~1\VC\Tools\MSVC\1429~1.301\bin\Hostx64\x64\cl.exe  /nologo -DHAVE_STRUCT_STAT_ST_MTIM_TV_NSEC  /DWIN32 /D_WINDOWS  /Zi /Ob0 /Od /RTC1 -MDd /showIncludes /FoCMakeFiles\cmTC_c9f3d.dir\src.c.obj /FdCMakeFiles\cmTC_c9f3d.dir\ /FS -c src.c
src.c(7): error C2039: 'st_mtim': is not a member of 'stat'
C:\Program Files (x86)\Windows Kits\10\include\10.0.19041.0\ucrt\sys/stat.h(87): note: see declaration of 'stat'
ninja: build stopped: subcommand failed.


Source file was:

#include <sys/types.h>
#include <sys/stat.h>

int main()
{
  (void)sizeof(((struct stat *)0)->st_mtim.tv_nsec);
  return 0;
}

Determining if the __GLIBC__ exist failed with the following output:
Change Dir: C:/Users/txmxc/Documents/moms/lc86k-llvm/llvm-project/llvm/out/build/x64-Debug/CMakeFiles/CMakeTmp

Run Build Command(s):C:/Program Files (x86)/Microsoft Visual Studio/2019/Community/Common7/IDE/CommonExtensions/Microsoft/CMake/Ninja/ninja.exe cmTC_30ada && [1/2] Building C object CMakeFiles\cmTC_30ada.dir\CheckSymbolExists.c.obj
FAILED: CMakeFiles/cmTC_30ada.dir/CheckSymbolExists.c.obj 
C:\PROGRA~2\MICROS~4\2019\COMMUN~1\VC\Tools\MSVC\1429~1.301\bin\Hostx64\x64\cl.exe  /nologo   /DWIN32 /D_WINDOWS  /Zi /Ob0 /Od /RTC1 -MDd /showIncludes /FoCMakeFiles\cmTC_30ada.dir\CheckSymbolExists.c.obj /FdCMakeFiles\cmTC_30ada.dir\ /FS -c CheckSymbolExists.c
CheckSymbolExists.c(8): error C2065: '__GLIBC__': undeclared identifier
ninja: build stopped: subcommand failed.


File C:/Users/txmxc/Documents/moms/lc86k-llvm/llvm-project/llvm/out/build/x64-Debug/CMakeFiles/CMakeTmp/CheckSymbolExists.c:
/* */
#include <stdio.h>

int main(int argc, char** argv)
{
  (void)argv;
#ifndef __GLIBC__
  return ((int*)(&__GLIBC__))[argc];
#else
  (void)argc;
  return 0;
#endif
}
Determining if the proc_pid_rusage exist failed with the following output:
Change Dir: C:/Users/txmxc/Documents/moms/lc86k-llvm/llvm-project/llvm/out/build/x64-Debug/CMakeFiles/CMakeTmp

Run Build Command(s):C:/Program Files (x86)/Microsoft Visual Studio/2019/Community/Common7/IDE/CommonExtensions/Microsoft/CMake/Ninja/ninja.exe cmTC_cde13 && [1/2] Building C object CMakeFiles\cmTC_cde13.dir\CheckSymbolExists.c.obj
FAILED: CMakeFiles/cmTC_cde13.dir/CheckSymbolExists.c.obj 
C:\PROGRA~2\MICROS~4\2019\COMMUN~1\VC\Tools\MSVC\1429~1.301\bin\Hostx64\x64\cl.exe  /nologo   /DWIN32 /D_WINDOWS  /Zi /Ob0 /Od /RTC1 -MDd /showIncludes /FoCMakeFiles\cmTC_cde13.dir\CheckSymbolExists.c.obj /FdCMakeFiles\cmTC_cde13.dir\ /FS -c CheckSymbolExists.c
CheckSymbolExists.c(2): fatal error C1083: Cannot open include file: 'libproc.h': No such file or directory
ninja: build stopped: subcommand failed.


File C:/Users/txmxc/Documents/moms/lc86k-llvm/llvm-project/llvm/out/build/x64-Debug/CMakeFiles/CMakeTmp/CheckSymbolExists.c:
/* */
#include <libproc.h>

int main(int argc, char** argv)
{
  (void)argv;
#ifndef proc_pid_rusage
  return ((int*)(&proc_pid_rusage))[argc];
#else
  (void)argc;
  return 0;
#endif
}
Performing C++ SOURCE FILE Test SUPPORTS_VARIADIC_MACROS_FLAG failed with the following output:
Change Dir: C:/Users/txmxc/Documents/moms/lc86k-llvm/llvm-project/llvm/out/build/x64-Debug/CMakeFiles/CMakeTmp

Run Build Command(s):C:/Program Files (x86)/Microsoft Visual Studio/2019/Community/Common7/IDE/CommonExtensions/Microsoft/CMake/Ninja/ninja.exe cmTC_9eb16 && [1/2] Building CXX object CMakeFiles\cmTC_9eb16.dir\src.cxx.obj
FAILED: CMakeFiles/cmTC_9eb16.dir/src.cxx.obj 
C:\PROGRA~2\MICROS~4\2019\COMMUN~1\VC\Tools\MSVC\1429~1.301\bin\Hostx64\x64\cl.exe  /nologo /TP -DSUPPORTS_VARIADIC_MACROS_FLAG  /DWIN32 /D_WINDOWS /EHsc  /Zi /Ob0 /Od /RTC1 -MDd   -Wvariadic-macros -std:c++17 /showIncludes /FoCMakeFiles\cmTC_9eb16.dir\src.cxx.obj /FdCMakeFiles\cmTC_9eb16.dir\ /FS -c src.cxx
cl : Command line error D8021 : invalid numeric argument '/Wvariadic-macros'
ninja: build stopped: subcommand failed.


Source file was:
int main() { return 0; }
Performing C++ SOURCE FILE Test SUPPORTS_GNU_ZERO_VARIADIC_MACRO_ARGUMENTS_FLAG failed with the following output:
Change Dir: C:/Users/txmxc/Documents/moms/lc86k-llvm/llvm-project/llvm/out/build/x64-Debug/CMakeFiles/CMakeTmp

Run Build Command(s):C:/Program Files (x86)/Microsoft Visual Studio/2019/Community/Common7/IDE/CommonExtensions/Microsoft/CMake/Ninja/ninja.exe cmTC_ea83c && [1/2] Building CXX object CMakeFiles\cmTC_ea83c.dir\src.cxx.obj
FAILED: CMakeFiles/cmTC_ea83c.dir/src.cxx.obj 
C:\PROGRA~2\MICROS~4\2019\COMMUN~1\VC\Tools\MSVC\1429~1.301\bin\Hostx64\x64\cl.exe  /nologo /TP -DSUPPORTS_GNU_ZERO_VARIADIC_MACRO_ARGUMENTS_FLAG  /DWIN32 /D_WINDOWS /EHsc  /Zi /Ob0 /Od /RTC1 -MDd   -Wgnu-zero-variadic-macro-arguments -std:c++17 /showIncludes /FoCMakeFiles\cmTC_ea83c.dir\src.cxx.obj /FdCMakeFiles\cmTC_ea83c.dir\ /FS -c src.cxx
cl : Command line error D8021 : invalid numeric argument '/Wgnu-zero-variadic-macro-arguments'
ninja: build stopped: subcommand failed.


Source file was:
int main() { return 0; }
Determining if the os_signpost_interval_begin exist failed with the following output:
Change Dir: C:/Users/txmxc/Documents/moms/lc86k-llvm/llvm-project/llvm/out/build/x64-Debug/CMakeFiles/CMakeTmp

Run Build Command(s):C:/Program Files (x86)/Microsoft Visual Studio/2019/Community/Common7/IDE/CommonExtensions/Microsoft/CMake/Ninja/ninja.exe cmTC_85bc9 && [1/2] Building C object CMakeFiles\cmTC_85bc9.dir\CheckSymbolExists.c.obj
FAILED: CMakeFiles/cmTC_85bc9.dir/CheckSymbolExists.c.obj 
C:\PROGRA~2\MICROS~4\2019\COMMUN~1\VC\Tools\MSVC\1429~1.301\bin\Hostx64\x64\cl.exe  /nologo   /DWIN32 /D_WINDOWS /Zc:inline /Zc:preprocessor /Oi /permissive- /W4 -wd4141 -wd4146 -wd4244 -wd4267 -wd4291 -wd4351 -wd4456 -wd4457 -wd4458 -wd4459 -wd4503 -wd4624 -wd4722 -wd4100 -wd4127 -wd4512 -wd4505 -wd4610 -wd4510 -wd4702 -wd4245 -wd4706 -wd4310 -wd4701 -wd4703 -wd4389 -wd4611 -wd4805 -wd4204 -wd4577 -wd4091 -wd4592 -wd4319 -wd4709 -wd5105 -wd4324 -w14062 -we4238  /Zi /Ob0 /Od /RTC1 -MDd /showIncludes /FoCMakeFiles\cmTC_85bc9.dir\CheckSymbolExists.c.obj /FdCMakeFiles\cmTC_85bc9.dir\ /FS -c CheckSymbolExists.c
CheckSymbolExists.c(2): fatal error C1083: Cannot open include file: 'os/signpost.h': No such file or directory
ninja: build stopped: subcommand failed.


File C:/Users/txmxc/Documents/moms/lc86k-llvm/llvm-project/llvm/out/build/x64-Debug/CMakeFiles/CMakeTmp/CheckSymbolExists.c:
/* */
#include <os/signpost.h>

int main(int argc, char** argv)
{
  (void)argv;
#ifndef os_signpost_interval_begin
  return ((int*)(&os_signpost_interval_begin))[argc];
#else
  (void)argc;
  return 0;
#endif
}
Performing C++ SOURCE FILE Test HAS_WERROR_GLOBAL_CTORS failed with the following output:
Change Dir: C:/Users/txmxc/Documents/moms/lc86k-llvm/llvm-project/llvm/out/build/x64-Debug/CMakeFiles/CMakeTmp

Run Build Command(s):C:/Program Files (x86)/Microsoft Visual Studio/2019/Community/Common7/IDE/CommonExtensions/Microsoft/CMake/Ninja/ninja.exe cmTC_ac0ef && [1/2] Building CXX object CMakeFiles\cmTC_ac0ef.dir\src.cxx.obj
FAILED: CMakeFiles/cmTC_ac0ef.dir/src.cxx.obj 
C:\PROGRA~2\MICROS~4\2019\COMMUN~1\VC\Tools\MSVC\1429~1.301\bin\Hostx64\x64\cl.exe  /nologo /TP -DHAS_WERROR_GLOBAL_CTORS  /DWIN32 /D_WINDOWS   /Zc:inline /Zc:preprocessor /Zc:__cplusplus /Oi /bigobj /permissive- /W4 -wd4141 -wd4146 -wd4244 -wd4267 -wd4291 -wd4351 -wd4456 -wd4457 -wd4458 -wd4459 -wd4503 -wd4624 -wd4722 -wd4100 -wd4127 -wd4512 -wd4505 -wd4610 -wd4510 -wd4702 -wd4245 -wd4706 -wd4310 -wd4701 -wd4703 -wd4389 -wd4611 -wd4805 -wd4204 -wd4577 -wd4091 -wd4592 -wd4319 -wd4709 -wd5105 -wd4324 -w14062 -we4238  /Zi /Ob0 /Od /RTC1 -MDd   -Werror=global-constructors -std:c++17 /showIncludes /FoCMakeFiles\cmTC_ac0ef.dir\src.cxx.obj /FdCMakeFiles\cmTC_ac0ef.dir\ /FS -c src.cxx
cl : Command line error D8021 : invalid numeric argument '/Werror=global-constructors'
ninja: build stopped: subcommand failed.


Source file was:
int main() { return 0; }
Checking whether the ASM_MASM compiler is GNU using "--version" did not match "(GNU assembler)|(GCC)|(Free Software Foundation)":
Microsoft (R) Macro Assembler (x64) Version 14.29.30147.0
Copyright (C) Microsoft Corporation.  All rights reserved.

MASM : warning A4018:invalid command-line option : --version
MASM : fatal error A1017:missing source filename
Checking whether the ASM_MASM compiler is Clang using "--version" did not match "(clang version)":
Microsoft (R) Macro Assembler (x64) Version 14.29.30147.0
Copyright (C) Microsoft Corporation.  All rights reserved.

MASM : warning A4018:invalid command-line option : --version
MASM : fatal error A1017:missing source filename
Checking whether the ASM_MASM compiler is AppleClang using "--version" did not match "(Apple LLVM version)":
Microsoft (R) Macro Assembler (x64) Version 14.29.30147.0
Copyright (C) Microsoft Corporation.  All rights reserved.

MASM : warning A4018:invalid command-line option : --version
MASM : fatal error A1017:missing source filename
Checking whether the ASM_MASM compiler is ARMClang using "--version" did not match "armclang":
Microsoft (R) Macro Assembler (x64) Version 14.29.30147.0
Copyright (C) Microsoft Corporation.  All rights reserved.

MASM : warning A4018:invalid command-line option : --version
MASM : fatal error A1017:missing source filename
Checking whether the ASM_MASM compiler is HP using "-V" did not match "HP C":
Microsoft (R) Macro Assembler (x64) Version 14.29.30147.0
Copyright (C) Microsoft Corporation.  All rights reserved.

MASM : warning A4018:invalid command-line option : -V
MASM : fatal error A1017:missing source filename
Checking whether the ASM_MASM compiler is Intel using "--version" did not match "(ICC)":
Microsoft (R) Macro Assembler (x64) Version 14.29.30147.0
Copyright (C) Microsoft Corporation.  All rights reserved.

MASM : warning A4018:invalid command-line option : --version
MASM : fatal error A1017:missing source filename
Checking whether the ASM_MASM compiler is IntelLLVM using "--version" did not match "(Intel[^
]+oneAPI)":
Microsoft (R) Macro Assembler (x64) Version 14.29.30147.0
Copyright (C) Microsoft Corporation.  All rights reserved.

MASM : warning A4018:invalid command-line option : --version
MASM : fatal error A1017:missing source filename
Checking whether the ASM_MASM compiler is SunPro using "-V" did not match "Sun C":
Microsoft (R) Macro Assembler (x64) Version 14.29.30147.0
Copyright (C) Microsoft Corporation.  All rights reserved.

MASM : warning A4018:invalid command-line option : -V
MASM : fatal error A1017:missing source filename
Checking whether the ASM_MASM compiler is XL using "-qversion" did not match "XL C":
Microsoft (R) Macro Assembler (x64) Version 14.29.30147.0
Copyright (C) Microsoft Corporation.  All rights reserved.

MASM : warning A4018:invalid command-line option : -qversion
MASM : fatal error A1017:missing source filename
Determining if the function shm_open exists in the rt failed with the following output:
Change Dir: C:/Users/txmxc/Documents/moms/lc86k-llvm/llvm-project/llvm/out/build/x64-Debug/CMakeFiles/CMakeTmp

Run Build Command(s):C:/Program Files (x86)/Microsoft Visual Studio/2019/Community/Common7/IDE/CommonExtensions/Microsoft/CMake/Ninja/ninja.exe cmTC_494cd && [1/2] Building C object CMakeFiles\cmTC_494cd.dir\CheckFunctionExists.c.obj
[2/2] Linking C executable cmTC_494cd.exe
FAILED: cmTC_494cd.exe 
cmd.exe /C "cd . && "C:\Program Files (x86)\Microsoft Visual Studio\2019\Community\Common7\IDE\CommonExtensions\Microsoft\CMake\CMake\bin\cmake.exe" -E vs_link_exe --intdir=CMakeFiles\cmTC_494cd.dir --rc=C:\PROGRA~2\WI3CF2~1\10\bin\100190~1.0\x64\rc.exe --mt=C:\PROGRA~2\WI3CF2~1\10\bin\100190~1.0\x64\mt.exe --manifests  -- C:\PROGRA~2\MICROS~4\2019\COMMUN~1\VC\Tools\MSVC\1429~1.301\bin\Hostx64\x64\link.exe /nologo CMakeFiles\cmTC_494cd.dir\CheckFunctionExists.c.obj  /out:cmTC_494cd.exe /implib:cmTC_494cd.lib /pdb:cmTC_494cd.pdb /version:0.0 /machine:x64 /STACK:10000000  /debug /INCREMENTAL /subsystem:console  rt.lib  kernel32.lib user32.lib gdi32.lib winspool.lib shell32.lib ole32.lib oleaut32.lib uuid.lib comdlg32.lib advapi32.lib && cmd.exe /C "cd /D C:\Users\txmxc\Documents\moms\lc86k-llvm\llvm-project\llvm\out\build\x64-Debug\CMakeFiles\CMakeTmp && C:\Windows\System32\WindowsPowerShell\v1.0\powershell.exe -noprofile -executionpolicy Bypass -file C:/Users/txmxc/vcpkg/scripts/buildsystems/msbuild/applocal.ps1 -targetBinary C:/Users/txmxc/Documents/moms/lc86k-llvm/llvm-project/llvm/out/build/x64-Debug/CMakeFiles/CMakeTmp/cmTC_494cd.exe -installedDir C:/Users/txmxc/vcpkg/installed/x64-windows/debug/bin -OutVariable out""
LINK Pass 1: command "C:\PROGRA~2\MICROS~4\2019\COMMUN~1\VC\Tools\MSVC\1429~1.301\bin\Hostx64\x64\link.exe /nologo CMakeFiles\cmTC_494cd.dir\CheckFunctionExists.c.obj /out:cmTC_494cd.exe /implib:cmTC_494cd.lib /pdb:cmTC_494cd.pdb /version:0.0 /machine:x64 /STACK:10000000 /debug /INCREMENTAL /subsystem:console rt.lib kernel32.lib user32.lib gdi32.lib winspool.lib shell32.lib ole32.lib oleaut32.lib uuid.lib comdlg32.lib advapi32.lib /MANIFEST /MANIFESTFILE:CMakeFiles\cmTC_494cd.dir/intermediate.manifest CMakeFiles\cmTC_494cd.dir/manifest.res" failed (exit code 1104) with the following output:
LINK : fatal error LNK1104: cannot open file 'rt.lib'
ninja: build stopped: subcommand failed.



Determining if the include file pthread.h exists failed with the following output:
Change Dir: C:/Users/txmxc/Documents/moms/lc86k-llvm/llvm-project/llvm/out/build/x64-Debug/CMakeFiles/CMakeTmp

Run Build Command(s):C:/Program Files (x86)/Microsoft Visual Studio/2019/Community/Common7/IDE/CommonExtensions/Microsoft/CMake/Ninja/ninja.exe cmTC_d86df && [1/2] Building C object CMakeFiles\cmTC_d86df.dir\CheckIncludeFile.c.obj
FAILED: CMakeFiles/cmTC_d86df.dir/CheckIncludeFile.c.obj 
C:\PROGRA~2\MICROS~4\2019\COMMUN~1\VC\Tools\MSVC\1429~1.301\bin\Hostx64\x64\cl.exe  /nologo   /DWIN32 /D_WINDOWS /Zc:inline /Zc:preprocessor /Oi /permissive- /W4 -wd4141 -wd4146 -wd4244 -wd4267 -wd4291 -wd4351 -wd4456 -wd4457 -wd4458 -wd4459 -wd4503 -wd4624 -wd4722 -wd4100 -wd4127 -wd4512 -wd4505 -wd4610 -wd4510 -wd4702 -wd4245 -wd4706 -wd4310 -wd4701 -wd4703 -wd4389 -wd4611 -wd4805 -wd4204 -wd4577 -wd4091 -wd4592 -wd4319 -wd4709 -wd5105 -wd4324 -w14062 -we4238  /Zi /Ob0 /Od /RTC1 -MDd /showIncludes /FoCMakeFiles\cmTC_d86df.dir\CheckIncludeFile.c.obj /FdCMakeFiles\cmTC_d86df.dir\ /FS -c CheckIncludeFile.c
CheckIncludeFile.c(1): fatal error C1083: Cannot open include file: 'pthread.h': No such file or directory
ninja: build stopped: subcommand failed.



